<?xml version="1.0" encoding="UTF-8"?>
<!-- Generated by org.testng.reporters.JUnitReportReporter -->
<testsuite hostname="FOCUS-QA-10" name="com.focus.testcases.OpeningBalancesTest" tests="11" failures="2" timestamp="8 May 2022 09:16:14 GMT" time="206.640" errors="0">
  <testcase name="checkOpeningBalanceCustomizationHideBalanceLinkValueColumn" time="14.772" classname="com.focus.testcases.OpeningBalancesTest"/>
  <testcase name="checkDeleteOptionInOpeningBalanceHomePage" time="5.725" classname="com.focus.testcases.OpeningBalancesTest"/>
  <testcase name="checkOpeningBalanceCustomizationAddingDepartmentColumn" time="13.592" classname="com.focus.testcases.OpeningBalancesTest"/>
  <testcase name="checkSavingOpeningBalanceVoucher1WithCurrencyAsAED" time="9.515" classname="com.focus.testcases.OpeningBalancesTest"/>
  <testcase name="checkOpeningBalanceCustomizationRemovingLinkStatusColumn" time="21.655" classname="com.focus.testcases.OpeningBalancesTest"/>
  <testcase name="checkSavingOpeningBalanceVoucher2AndSuspendingFromEntryPage" time="10.335" classname="com.focus.testcases.OpeningBalancesTest">
    <failure type="java.lang.AssertionError" message="expected [true] but found [false]">
      <![CDATA[java.lang.AssertionError: expected [true] but found [false]
	at org.testng.Assert.fail(Assert.java:94)
	at org.testng.Assert.failNotEquals(Assert.java:513)
	at org.testng.Assert.assertEqualsImpl(Assert.java:135)
	at org.testng.Assert.assertEquals(Assert.java:116)
	at org.testng.Assert.assertEquals(Assert.java:305)
	at org.testng.Assert.assertEquals(Assert.java:315)
	at com.focus.testcases.OpeningBalancesTest.checkSavingOpeningBalanceVoucher2AndSuspendingFromEntryPage(OpeningBalancesTest.java:76)
	at sun.reflect.NativeMethodAccessorImpl.invoke0(Native Method)
	at sun.reflect.NativeMethodAccessorImpl.invoke(Unknown Source)
	at sun.reflect.DelegatingMethodAccessorImpl.invoke(Unknown Source)
	at java.lang.reflect.Method.invoke(Unknown Source)
	at org.testng.internal.MethodInvocationHelper.invokeMethod(MethodInvocationHelper.java:86)
	at org.testng.internal.Invoker.invokeMethod(Invoker.java:643)
	at org.testng.internal.Invoker.invokeTestMethod(Invoker.java:820)
	at org.testng.internal.Invoker.invokeTestMethods(Invoker.java:1128)
	at org.testng.internal.TestMethodWorker.invokeTestMethods(TestMethodWorker.java:129)
	at org.testng.internal.TestMethodWorker.run(TestMethodWorker.java:112)
	at org.testng.TestRunner.privateRun(TestRunner.java:782)
	at org.testng.TestRunner.run(TestRunner.java:632)
	at org.testng.SuiteRunner.runTest(SuiteRunner.java:366)
	at org.testng.SuiteRunner.runSequentially(SuiteRunner.java:361)
	at org.testng.SuiteRunner.privateRun(SuiteRunner.java:319)
	at org.testng.SuiteRunner.run(SuiteRunner.java:268)
	at org.testng.SuiteRunnerWorker.runSuite(SuiteRunnerWorker.java:52)
	at org.testng.SuiteRunnerWorker.run(SuiteRunnerWorker.java:86)
	at org.testng.TestNG.runSuitesSequentially(TestNG.java:1244)
	at org.testng.TestNG.runSuitesLocally(TestNG.java:1169)
	at org.testng.TestNG.run(TestNG.java:1064)
	at org.testng.remote.AbstractRemoteTestNG.run(AbstractRemoteTestNG.java:114)
	at org.testng.remote.RemoteTestNG.initAndRun(RemoteTestNG.java:251)
	at org.testng.remote.RemoteTestNG.main(RemoteTestNG.java:77)
]]>
    </failure>
  </testcase> <!-- checkSavingOpeningBalanceVoucher2AndSuspendingFromEntryPage -->
  <testcase name="checkVerifyAndEditOpeningBalanceVoucher1" time="14.361" classname="com.focus.testcases.OpeningBalancesTest"/>
  <testcase name="checkVerifingDetailsOfSavedOpeningBalancesVouchersInHomepage" time="0.986" classname="com.focus.testcases.OpeningBalancesTest"/>
  <testcase name="checkVerifyAndDeleteOpeningBalanceVoucher1" time="1.497" classname="com.focus.testcases.OpeningBalancesTest"/>
  <testcase name="checkResavingOpeningBalanceVoucher2AndSuspendingFromHomepage" time="94.055" classname="com.focus.testcases.OpeningBalancesTest">
    <failure type="java.lang.AssertionError" message="expected [true] but found [false]">
      <![CDATA[java.lang.AssertionError: expected [true] but found [false]
	at org.testng.Assert.fail(Assert.java:94)
	at org.testng.Assert.failNotEquals(Assert.java:513)
	at org.testng.Assert.assertEqualsImpl(Assert.java:135)
	at org.testng.Assert.assertEquals(Assert.java:116)
	at org.testng.Assert.assertEquals(Assert.java:305)
	at org.testng.Assert.assertEquals(Assert.java:315)
	at com.focus.testcases.OpeningBalancesTest.checkResavingOpeningBalanceVoucher2AndSuspendingFromHomepage(OpeningBalancesTest.java:83)
	at sun.reflect.NativeMethodAccessorImpl.invoke0(Native Method)
	at sun.reflect.NativeMethodAccessorImpl.invoke(Unknown Source)
	at sun.reflect.DelegatingMethodAccessorImpl.invoke(Unknown Source)
	at java.lang.reflect.Method.invoke(Unknown Source)
	at org.testng.internal.MethodInvocationHelper.invokeMethod(MethodInvocationHelper.java:86)
	at org.testng.internal.Invoker.invokeMethod(Invoker.java:643)
	at org.testng.internal.Invoker.invokeTestMethod(Invoker.java:820)
	at org.testng.internal.Invoker.invokeTestMethods(Invoker.java:1128)
	at org.testng.internal.TestMethodWorker.invokeTestMethods(TestMethodWorker.java:129)
	at org.testng.internal.TestMethodWorker.run(TestMethodWorker.java:112)
	at org.testng.TestRunner.privateRun(TestRunner.java:782)
	at org.testng.TestRunner.run(TestRunner.java:632)
	at org.testng.SuiteRunner.runTest(SuiteRunner.java:366)
	at org.testng.SuiteRunner.runSequentially(SuiteRunner.java:361)
	at org.testng.SuiteRunner.privateRun(SuiteRunner.java:319)
	at org.testng.SuiteRunner.run(SuiteRunner.java:268)
	at org.testng.SuiteRunnerWorker.runSuite(SuiteRunnerWorker.java:52)
	at org.testng.SuiteRunnerWorker.run(SuiteRunnerWorker.java:86)
	at org.testng.TestNG.runSuitesSequentially(TestNG.java:1244)
	at org.testng.TestNG.runSuitesLocally(TestNG.java:1169)
	at org.testng.TestNG.run(TestNG.java:1064)
	at org.testng.remote.AbstractRemoteTestNG.run(AbstractRemoteTestNG.java:114)
	at org.testng.remote.RemoteTestNG.initAndRun(RemoteTestNG.java:251)
	at org.testng.remote.RemoteTestNG.main(RemoteTestNG.java:77)
]]>
    </failure>
  </testcase> <!-- checkResavingOpeningBalanceVoucher2AndSuspendingFromHomepage -->
  <testcase name="checkSavingOpeningBalanceVoucher1WithCurrencyAsINR" time="20.147" classname="com.focus.testcases.OpeningBalancesTest"/>
</testsuite> <!-- com.focus.testcases.OpeningBalancesTest -->
