<?xml version="1.0" encoding="UTF-8"?>
<!-- Generated by org.testng.reporters.JUnitReportReporter -->
<testsuite hostname="FOCUS-QA-10" name="com.focus.testcases.SalesInvoiceVATVoucherTest" tests="19" failures="1" timestamp="8 May 2022 11:22:44 GMT" time="422.696" errors="1">
  <testcase name="checkDeleteOptionInSalesInvoiceHomePage" time="5.052" classname="com.focus.testcases.SalesInvoiceVATVoucherTest"/>
  <testcase name="checkSalesInvoiceVoucherSavingSuspenigAndDeletingThroughConvertOption" time="16.800" classname="com.focus.testcases.SalesInvoiceVATVoucherTest"/>
  <testcase name="checkSalesInvoiceVoucherLinewiseConsumingForBinItem" time="39.678" classname="com.focus.testcases.SalesInvoiceVATVoucherTest"/>
  <testcase name="checkSavingSalesInvoiceWithhAllItemsOfTransferedStockInSingleVoucher" time="61.350" classname="com.focus.testcases.SalesInvoiceVATVoucherTest"/>
  <testcase name="checkSalesInvoiceVoucherToCheckLinkPopUpScreenWithCRTlPlusL" time="28.719" classname="com.focus.testcases.SalesInvoiceVATVoucherTest"/>
  <testcase name="checkSavingSalesReturnsVoucherWithConvertOptions" time="20.934" classname="com.focus.testcases.SalesInvoiceVATVoucherTest"/>
  <testcase name="checkSalesInvoiceVoucherSearchInLinkPopupScreenAndSaveWithBatchItem" time="23.188" classname="com.focus.testcases.SalesInvoiceVATVoucherTest"/>
  <testcase name="checkSalesInvoiceVoucherLinewiseConsumingForStockItem" time="20.780" classname="com.focus.testcases.SalesInvoiceVATVoucherTest">
    <failure type="java.lang.AssertionError" message="expected [true] but found [false]">
      <![CDATA[java.lang.AssertionError: expected [true] but found [false]
	at org.testng.Assert.fail(Assert.java:94)
	at org.testng.Assert.failNotEquals(Assert.java:513)
	at org.testng.Assert.assertEqualsImpl(Assert.java:135)
	at org.testng.Assert.assertEquals(Assert.java:116)
	at org.testng.Assert.assertEquals(Assert.java:305)
	at org.testng.Assert.assertEquals(Assert.java:315)
	at com.focus.testcases.SalesInvoiceVATVoucherTest.checkSalesInvoiceVoucherLinewiseConsumingForStockItem(SalesInvoiceVATVoucherTest.java:107)
	at sun.reflect.NativeMethodAccessorImpl.invoke0(Native Method)
	at sun.reflect.NativeMethodAccessorImpl.invoke(Unknown Source)
	at sun.reflect.DelegatingMethodAccessorImpl.invoke(Unknown Source)
	at java.lang.reflect.Method.invoke(Unknown Source)
	at org.testng.internal.MethodInvocationHelper.invokeMethod(MethodInvocationHelper.java:86)
	at org.testng.internal.Invoker.invokeMethod(Invoker.java:643)
	at org.testng.internal.Invoker.invokeTestMethod(Invoker.java:820)
	at org.testng.internal.Invoker.invokeTestMethods(Invoker.java:1128)
	at org.testng.internal.TestMethodWorker.invokeTestMethods(TestMethodWorker.java:129)
	at org.testng.internal.TestMethodWorker.run(TestMethodWorker.java:112)
	at org.testng.TestRunner.privateRun(TestRunner.java:782)
	at org.testng.TestRunner.run(TestRunner.java:632)
	at org.testng.SuiteRunner.runTest(SuiteRunner.java:366)
	at org.testng.SuiteRunner.runSequentially(SuiteRunner.java:361)
	at org.testng.SuiteRunner.privateRun(SuiteRunner.java:319)
	at org.testng.SuiteRunner.run(SuiteRunner.java:268)
	at org.testng.SuiteRunnerWorker.runSuite(SuiteRunnerWorker.java:52)
	at org.testng.SuiteRunnerWorker.run(SuiteRunnerWorker.java:86)
	at org.testng.TestNG.runSuitesSequentially(TestNG.java:1244)
	at org.testng.TestNG.runSuitesLocally(TestNG.java:1169)
	at org.testng.TestNG.run(TestNG.java:1064)
	at org.testng.remote.AbstractRemoteTestNG.run(AbstractRemoteTestNG.java:114)
	at org.testng.remote.RemoteTestNG.initAndRun(RemoteTestNG.java:251)
	at org.testng.remote.RemoteTestNG.main(RemoteTestNG.java:77)
]]>
    </failure>
  </testcase> <!-- checkSalesInvoiceVoucherLinewiseConsumingForStockItem -->
  <testcase name="checkDeleteOptionInSalesInvoiceEntryPage" time="3.623" classname="com.focus.testcases.SalesInvoiceVATVoucherTest"/>
  <testcase name="checkSuspendOptionInSalesInvoiceHomePage" time="3.676" classname="com.focus.testcases.SalesInvoiceVATVoucherTest"/>
  <testcase name="checkLinkMappingInDesignWorkFlowForSales" time="29.868" classname="com.focus.testcases.SalesInvoiceVATVoucherTest">
    <error type="org.openqa.selenium.UnhandledAlertException" message="unexpected alert open: {Alert text : Already Mapped!!}
  (Session info: chrome=101.0.4951.54): Already Mapped!!
Build info: version: &#039;3.12.0&#039;, revision: &#039;7c6e0b3&#039;, time: &#039;2018-05-08T14:04:26.12Z&#039;
System info: host: &#039;FOCUS-QA-10&#039;, ip: &#039;192.168.4.58&#039;, os.name: &#039;Windows 10&#039;, os.arch: &#039;amd64&#039;, os.version: &#039;10.0&#039;, java.version: &#039;1.8.0_111&#039;
Driver info: org.openqa.selenium.chrome.ChromeDriver
Capabilities {acceptInsecureCerts: false, browserName: chrome, browserVersion: 101.0.4951.54, chrome: {chromedriverVersion: 100.0.4896.60 (6a5d10861ce8..., userDataDir: C:\Users\Rakesh\AppData\Loc...}, goog:chromeOptions: {debuggerAddress: localhost:55967}, javascriptEnabled: true, networkConnectionEnabled: false, pageLoadStrategy: normal, platform: WINDOWS, platformName: WINDOWS, proxy: Proxy(), setWindowRect: true, strictFileInteractability: false, timeouts: {implicit: 0, pageLoad: 300000, script: 30000}, unhandledPromptBehavior: dismiss and notify, webauthn:extension:credBlob: true, webauthn:extension:largeBlob: true, webauthn:virtualAuthenticators: true}
Session ID: 38a0dfebb7ffe17e3f388ee5a2ad5909
*** Element info: {Using=xpath, value=//div[@class=&#039;col-lg-12&#039;]//button[@class=&#039;Fbutton&#039;][contains(text(),&#039;Ok&#039;)]}">
      <![CDATA[org.openqa.selenium.UnhandledAlertException: unexpected alert open: {Alert text : Already Mapped!!}
  (Session info: chrome=101.0.4951.54): Already Mapped!!
Build info: version: '3.12.0', revision: '7c6e0b3', time: '2018-05-08T14:04:26.12Z'
System info: host: 'FOCUS-QA-10', ip: '192.168.4.58', os.name: 'Windows 10', os.arch: 'amd64', os.version: '10.0', java.version: '1.8.0_111'
Driver info: org.openqa.selenium.chrome.ChromeDriver
Capabilities {acceptInsecureCerts: false, browserName: chrome, browserVersion: 101.0.4951.54, chrome: {chromedriverVersion: 100.0.4896.60 (6a5d10861ce8..., userDataDir: C:\Users\Rakesh\AppData\Loc...}, goog:chromeOptions: {debuggerAddress: localhost:55967}, javascriptEnabled: true, networkConnectionEnabled: false, pageLoadStrategy: normal, platform: WINDOWS, platformName: WINDOWS, proxy: Proxy(), setWindowRect: true, strictFileInteractability: false, timeouts: {implicit: 0, pageLoad: 300000, script: 30000}, unhandledPromptBehavior: dismiss and notify, webauthn:extension:credBlob: true, webauthn:extension:largeBlob: true, webauthn:virtualAuthenticators: true}
Session ID: 38a0dfebb7ffe17e3f388ee5a2ad5909
*** Element info: {Using=xpath, value=//div[@class='col-lg-12']//button[@class='Fbutton'][contains(text(),'Ok')]}
	at org.openqa.selenium.remote.http.W3CHttpResponseCodec.decode(W3CHttpResponseCodec.java:120)
	at org.openqa.selenium.remote.http.W3CHttpResponseCodec.decode(W3CHttpResponseCodec.java:49)
	at org.openqa.selenium.remote.HttpCommandExecutor.execute(HttpCommandExecutor.java:158)
	at org.openqa.selenium.remote.service.DriverCommandExecutor.execute(DriverCommandExecutor.java:83)
	at org.openqa.selenium.remote.RemoteWebDriver.execute(RemoteWebDriver.java:543)
	at org.openqa.selenium.remote.RemoteWebDriver.findElement(RemoteWebDriver.java:317)
	at org.openqa.selenium.remote.RemoteWebDriver.findElementByXPath(RemoteWebDriver.java:419)
	at org.openqa.selenium.By$ByXPath.findElement(By.java:353)
	at org.openqa.selenium.remote.RemoteWebDriver.findElement(RemoteWebDriver.java:309)
	at org.openqa.selenium.support.pagefactory.DefaultElementLocator.findElement(DefaultElementLocator.java:69)
	at org.openqa.selenium.support.pagefactory.internal.LocatingElementHandler.invoke(LocatingElementHandler.java:38)
	at com.sun.proxy.$Proxy12.isDisplayed(Unknown Source)
	at org.openqa.selenium.support.ui.ExpectedConditions.elementIfVisible(ExpectedConditions.java:315)
	at org.openqa.selenium.support.ui.ExpectedConditions.access$100(ExpectedConditions.java:44)
	at org.openqa.selenium.support.ui.ExpectedConditions$10.apply(ExpectedConditions.java:301)
	at org.openqa.selenium.support.ui.ExpectedConditions$10.apply(ExpectedConditions.java:298)
	at org.openqa.selenium.support.ui.ExpectedConditions$23.apply(ExpectedConditions.java:686)
	at org.openqa.selenium.support.ui.ExpectedConditions$23.apply(ExpectedConditions.java:682)
	at org.openqa.selenium.support.ui.FluentWait.until(FluentWait.java:248)
	at com.focus.Pages.SalesInvoiceVATVoucherPage.checkLinkMappingInDesignWorkFlowForSales(SalesInvoiceVATVoucherPage.java:15737)
	at com.focus.testcases.SalesInvoiceVATVoucherTest.checkLinkMappingInDesignWorkFlowForSales(SalesInvoiceVATVoucherTest.java:22)
	at sun.reflect.NativeMethodAccessorImpl.invoke0(Native Method)
	at sun.reflect.NativeMethodAccessorImpl.invoke(Unknown Source)
	at sun.reflect.DelegatingMethodAccessorImpl.invoke(Unknown Source)
	at java.lang.reflect.Method.invoke(Unknown Source)
	at org.testng.internal.MethodInvocationHelper.invokeMethod(MethodInvocationHelper.java:86)
	at org.testng.internal.Invoker.invokeMethod(Invoker.java:643)
	at org.testng.internal.Invoker.invokeTestMethod(Invoker.java:820)
	at org.testng.internal.Invoker.invokeTestMethods(Invoker.java:1128)
	at org.testng.internal.TestMethodWorker.invokeTestMethods(TestMethodWorker.java:129)
	at org.testng.internal.TestMethodWorker.run(TestMethodWorker.java:112)
	at org.testng.TestRunner.privateRun(TestRunner.java:782)
	at org.testng.TestRunner.run(TestRunner.java:632)
	at org.testng.SuiteRunner.runTest(SuiteRunner.java:366)
	at org.testng.SuiteRunner.runSequentially(SuiteRunner.java:361)
	at org.testng.SuiteRunner.privateRun(SuiteRunner.java:319)
	at org.testng.SuiteRunner.run(SuiteRunner.java:268)
	at org.testng.SuiteRunnerWorker.runSuite(SuiteRunnerWorker.java:52)
	at org.testng.SuiteRunnerWorker.run(SuiteRunnerWorker.java:86)
	at org.testng.TestNG.runSuitesSequentially(TestNG.java:1244)
	at org.testng.TestNG.runSuitesLocally(TestNG.java:1169)
	at org.testng.TestNG.run(TestNG.java:1064)
	at org.testng.remote.AbstractRemoteTestNG.run(AbstractRemoteTestNG.java:114)
	at org.testng.remote.RemoteTestNG.initAndRun(RemoteTestNG.java:251)
	at org.testng.remote.RemoteTestNG.main(RemoteTestNG.java:77)
]]>
    </error>
  </testcase> <!-- checkLinkMappingInDesignWorkFlowForSales -->
  <testcase name="checkSalesInvoiceVoucherLinewiseConsumingForBatchItem" time="20.480" classname="com.focus.testcases.SalesInvoiceVATVoucherTest"/>
  <testcase name="checkSalesInvoiceVoucherToCheckRMAItemLinkPopUpScreenWithCRTlPlusL" time="40.682" classname="com.focus.testcases.SalesInvoiceVATVoucherTest"/>
  <testcase name="checkSalesInvoiceVoucherToCheckStockItemLinkPopUpScreenWithCRTlPlusL" time="21.347" classname="com.focus.testcases.SalesInvoiceVATVoucherTest"/>
  <testcase name="checkSalesInvoiceVoucherLinewiseConsumingForRmaItem" time="31.153" classname="com.focus.testcases.SalesInvoiceVATVoucherTest"/>
  <testcase name="checkVerifingDetailsOfSavedSalesInvoiceVATVoucherInHomepage" time="15.300" classname="com.focus.testcases.SalesInvoiceVATVoucherTest"/>
  <testcase name="checkSuspendOptionInSalesInvoiceEntryPage" time="1.790" classname="com.focus.testcases.SalesInvoiceVATVoucherTest"/>
  <testcase name="checkVerifingDetailsOfSavedSalesReturnsVoucherInHomepage" time="3.026" classname="com.focus.testcases.SalesInvoiceVATVoucherTest"/>
  <testcase name="checkSalesInvoiceVoucherToCheckBinItemLinkPopUpScreenWithCRTlPlusL" time="35.250" classname="com.focus.testcases.SalesInvoiceVATVoucherTest"/>
</testsuite> <!-- com.focus.testcases.SalesInvoiceVATVoucherTest -->
