<?xml version="1.0" encoding="UTF-8"?>
<!-- Generated by org.testng.reporters.JUnitReportReporter -->
<testsuite hostname="FOCUS-QA-10" name="com.focus.testcases.InventoryReportsTest" tests="111" failures="5" timestamp="3 Jan 2023 19:02:41 GMT" time="2736.209" errors="5">
  <testcase name="checkStockDetailsByBinsReportFilterOption" time="33.196" classname="com.focus.testcases.InventoryReportsTest"/>
  <testcase name="checkAgeingByItemByBinsReports" time="18.440" classname="com.focus.testcases.InventoryReportsTest"/>
  <testcase name="checkStockBalanceByWarehouseReports" time="14.626" classname="com.focus.testcases.InventoryReportsTest"/>
  <testcase name="checkStockReservationRegisterReport" time="11.502" classname="com.focus.testcases.InventoryReportsTest">
    <failure type="java.lang.AssertionError" message="expected [true] but found [false]">
      <![CDATA[java.lang.AssertionError: expected [true] but found [false]
	at org.testng.Assert.fail(Assert.java:94)
	at org.testng.Assert.failNotEquals(Assert.java:513)
	at org.testng.Assert.assertEqualsImpl(Assert.java:135)
	at org.testng.Assert.assertEquals(Assert.java:116)
	at org.testng.Assert.assertEquals(Assert.java:305)
	at org.testng.Assert.assertEquals(Assert.java:315)
	at com.focus.testcases.InventoryReportsTest.checkStockReservationRegisterReport(InventoryReportsTest.java:809)
	at sun.reflect.NativeMethodAccessorImpl.invoke0(Native Method)
	at sun.reflect.NativeMethodAccessorImpl.invoke(Unknown Source)
	at sun.reflect.DelegatingMethodAccessorImpl.invoke(Unknown Source)
	at java.lang.reflect.Method.invoke(Unknown Source)
	at org.testng.internal.MethodInvocationHelper.invokeMethod(MethodInvocationHelper.java:86)
	at org.testng.internal.Invoker.invokeMethod(Invoker.java:643)
	at org.testng.internal.Invoker.invokeTestMethod(Invoker.java:820)
	at org.testng.internal.Invoker.invokeTestMethods(Invoker.java:1128)
	at org.testng.internal.TestMethodWorker.invokeTestMethods(TestMethodWorker.java:129)
	at org.testng.internal.TestMethodWorker.run(TestMethodWorker.java:112)
	at org.testng.TestRunner.privateRun(TestRunner.java:782)
	at org.testng.TestRunner.run(TestRunner.java:632)
	at org.testng.SuiteRunner.runTest(SuiteRunner.java:366)
	at org.testng.SuiteRunner.runSequentially(SuiteRunner.java:361)
	at org.testng.SuiteRunner.privateRun(SuiteRunner.java:319)
	at org.testng.SuiteRunner.run(SuiteRunner.java:268)
	at org.testng.SuiteRunnerWorker.runSuite(SuiteRunnerWorker.java:52)
	at org.testng.SuiteRunnerWorker.run(SuiteRunnerWorker.java:86)
	at org.testng.TestNG.runSuitesSequentially(TestNG.java:1244)
	at org.testng.TestNG.runSuitesLocally(TestNG.java:1169)
	at org.testng.TestNG.run(TestNG.java:1064)
	at org.testng.remote.AbstractRemoteTestNG.run(AbstractRemoteTestNG.java:114)
	at org.testng.remote.RemoteTestNG.initAndRun(RemoteTestNG.java:251)
	at org.testng.remote.RemoteTestNG.main(RemoteTestNG.java:77)
]]>
    </failure>
  </testcase> <!-- checkStockReservationRegisterReport -->
  <testcase name="checkFastMovingItemsReport" time="14.253" classname="com.focus.testcases.InventoryReportsTest"/>
  <testcase name="checkLoginWithUserForItemRestriction" time="11.195" classname="com.focus.testcases.InventoryReportsTest"/>
  <testcase name="checkStockBalanceByWarehouseReportBackTrackOption" time="153.593" classname="com.focus.testcases.InventoryReportsTest">
    <error type="org.openqa.selenium.TimeoutException" message="Expected condition failed: waiting for visibility of Proxy element for: DefaultElementLocator &#039;By.xpath: //div[@id=&#039;dvReportRenderBacktracking&#039;]/div[2]/div[1]/div[2]/table&#039; (tried for 40 second(s) with 5000 milliseconds interval)">
      <![CDATA[org.openqa.selenium.TimeoutException: Expected condition failed: waiting for visibility of Proxy element for: DefaultElementLocator 'By.xpath: //div[@id='dvReportRenderBacktracking']/div[2]/div[1]/div[2]/table' (tried for 40 second(s) with 5000 milliseconds interval)
	at org.openqa.selenium.support.ui.FluentWait.timeoutException(FluentWait.java:303)
	at org.openqa.selenium.support.ui.FluentWait.until(FluentWait.java:271)
	at com.focus.Pages.InventoryReportsPage.checkStockBalanceByWarehouseReportBackTrackOption(InventoryReportsPage.java:27236)
	at com.focus.testcases.InventoryReportsTest.checkStockBalanceByWarehouseReportBackTrackOption(InventoryReportsTest.java:473)
	at sun.reflect.NativeMethodAccessorImpl.invoke0(Native Method)
	at sun.reflect.NativeMethodAccessorImpl.invoke(Unknown Source)
	at sun.reflect.DelegatingMethodAccessorImpl.invoke(Unknown Source)
	at java.lang.reflect.Method.invoke(Unknown Source)
	at org.testng.internal.MethodInvocationHelper.invokeMethod(MethodInvocationHelper.java:86)
	at org.testng.internal.Invoker.invokeMethod(Invoker.java:643)
	at org.testng.internal.Invoker.invokeTestMethod(Invoker.java:820)
	at org.testng.internal.Invoker.invokeTestMethods(Invoker.java:1128)
	at org.testng.internal.TestMethodWorker.invokeTestMethods(TestMethodWorker.java:129)
	at org.testng.internal.TestMethodWorker.run(TestMethodWorker.java:112)
	at org.testng.TestRunner.privateRun(TestRunner.java:782)
	at org.testng.TestRunner.run(TestRunner.java:632)
	at org.testng.SuiteRunner.runTest(SuiteRunner.java:366)
	at org.testng.SuiteRunner.runSequentially(SuiteRunner.java:361)
	at org.testng.SuiteRunner.privateRun(SuiteRunner.java:319)
	at org.testng.SuiteRunner.run(SuiteRunner.java:268)
	at org.testng.SuiteRunnerWorker.runSuite(SuiteRunnerWorker.java:52)
	at org.testng.SuiteRunnerWorker.run(SuiteRunnerWorker.java:86)
	at org.testng.TestNG.runSuitesSequentially(TestNG.java:1244)
	at org.testng.TestNG.runSuitesLocally(TestNG.java:1169)
	at org.testng.TestNG.run(TestNG.java:1064)
	at org.testng.remote.AbstractRemoteTestNG.run(AbstractRemoteTestNG.java:114)
	at org.testng.remote.RemoteTestNG.initAndRun(RemoteTestNG.java:251)
	at org.testng.remote.RemoteTestNG.main(RemoteTestNG.java:77)
Caused by: org.openqa.selenium.NoSuchElementException: no such element: Unable to locate element: {"method":"xpath","selector":"//div[@id='dvReportRenderBacktracking']/div[2]/div[1]/div[2]/table"}
  (Session info: chrome=108.0.5359.125)
For documentation on this error, please visit: http://seleniumhq.org/exceptions/no_such_element.html
Build info: version: '3.12.0', revision: '7c6e0b3', time: '2018-05-08T14:04:26.12Z'
System info: host: 'FOCUS-QA-10', ip: '192.168.4.206', os.name: 'Windows 10', os.arch: 'amd64', os.version: '10.0', java.version: '1.8.0_111'
Driver info: org.openqa.selenium.chrome.ChromeDriver
Capabilities {acceptInsecureCerts: false, browserName: chrome, browserVersion: 108.0.5359.125, chrome: {chromedriverVersion: 108.0.5359.71 (1e0e3868ee06..., userDataDir: C:\Users\Rakesh\AppData\Loc...}, goog:chromeOptions: {debuggerAddress: localhost:59756}, javascriptEnabled: true, networkConnectionEnabled: false, pageLoadStrategy: normal, platform: WINDOWS, platformName: WINDOWS, proxy: Proxy(), setWindowRect: true, strictFileInteractability: false, timeouts: {implicit: 0, pageLoad: 300000, script: 30000}, unhandledPromptBehavior: dismiss and notify, webauthn:extension:credBlob: true, webauthn:extension:largeBlob: true, webauthn:virtualAuthenticators: true}
Session ID: 56bfff794ecbcecb25f8ad2526ab4f26
*** Element info: {Using=xpath, value=//div[@id='dvReportRenderBacktracking']/div[2]/div[1]/div[2]/table}
	at sun.reflect.NativeConstructorAccessorImpl.newInstance0(Native Method)
	at sun.reflect.NativeConstructorAccessorImpl.newInstance(Unknown Source)
	at sun.reflect.DelegatingConstructorAccessorImpl.newInstance(Unknown Source)
	at java.lang.reflect.Constructor.newInstance(Unknown Source)
	at org.openqa.selenium.remote.http.W3CHttpResponseCodec.createException(W3CHttpResponseCodec.java:187)
	at org.openqa.selenium.remote.http.W3CHttpResponseCodec.decode(W3CHttpResponseCodec.java:122)
	at org.openqa.selenium.remote.http.W3CHttpResponseCodec.decode(W3CHttpResponseCodec.java:49)
	at org.openqa.selenium.remote.HttpCommandExecutor.execute(HttpCommandExecutor.java:158)
	at org.openqa.selenium.remote.service.DriverCommandExecutor.execute(DriverCommandExecutor.java:83)
	at org.openqa.selenium.remote.RemoteWebDriver.execute(RemoteWebDriver.java:543)
	at org.openqa.selenium.remote.RemoteWebDriver.findElement(RemoteWebDriver.java:317)
	at org.openqa.selenium.remote.RemoteWebDriver.findElementByXPath(RemoteWebDriver.java:419)
	at org.openqa.selenium.By$ByXPath.findElement(By.java:353)
	at org.openqa.selenium.remote.RemoteWebDriver.findElement(RemoteWebDriver.java:309)
	at org.openqa.selenium.support.pagefactory.DefaultElementLocator.findElement(DefaultElementLocator.java:69)
	at org.openqa.selenium.support.pagefactory.internal.LocatingElementHandler.invoke(LocatingElementHandler.java:38)
	at com.sun.proxy.$Proxy12.isDisplayed(Unknown Source)
	at org.openqa.selenium.support.ui.ExpectedConditions.elementIfVisible(ExpectedConditions.java:315)
	at org.openqa.selenium.support.ui.ExpectedConditions.access$100(ExpectedConditions.java:44)
	at org.openqa.selenium.support.ui.ExpectedConditions$10.apply(ExpectedConditions.java:301)
	at org.openqa.selenium.support.ui.ExpectedConditions$10.apply(ExpectedConditions.java:298)
	at org.openqa.selenium.support.ui.FluentWait.until(FluentWait.java:248)
	... 26 more
]]>
    </error>
  </testcase> <!-- checkStockBalanceByWarehouseReportBackTrackOption -->
  <testcase name="checkAccountGroupsListinStockMovement" time="16.867" classname="com.focus.testcases.InventoryReportsTest"/>
  <testcase name="checkStockAnalysisByBatchReportPrintOption" time="5.365" classname="com.focus.testcases.InventoryReportsTest"/>
  <testcase name="checkStockBalancesByItemByBinsReports" time="16.887" classname="com.focus.testcases.InventoryReportsTest"/>
  <testcase name="checkAgeingAnalysisByBinReportBackTrackOption" time="154.136" classname="com.focus.testcases.InventoryReportsTest">
    <error type="org.openqa.selenium.TimeoutException" message="Expected condition failed: waiting for visibility of Proxy element for: DefaultElementLocator &#039;By.xpath: //div[@id=&#039;dvReportRenderBacktracking&#039;]/div[2]/div[1]/div[2]/table&#039; (tried for 40 second(s) with 5000 milliseconds interval)">
      <![CDATA[org.openqa.selenium.TimeoutException: Expected condition failed: waiting for visibility of Proxy element for: DefaultElementLocator 'By.xpath: //div[@id='dvReportRenderBacktracking']/div[2]/div[1]/div[2]/table' (tried for 40 second(s) with 5000 milliseconds interval)
	at org.openqa.selenium.support.ui.FluentWait.timeoutException(FluentWait.java:303)
	at org.openqa.selenium.support.ui.FluentWait.until(FluentWait.java:271)
	at com.focus.Pages.InventoryReportsPage.checkAgeingAnalysisByBinReportBackTrackOption(InventoryReportsPage.java:30258)
	at com.focus.testcases.InventoryReportsTest.checkAgeingAnalysisByBinReportBackTrackOption(InventoryReportsTest.java:609)
	at sun.reflect.NativeMethodAccessorImpl.invoke0(Native Method)
	at sun.reflect.NativeMethodAccessorImpl.invoke(Unknown Source)
	at sun.reflect.DelegatingMethodAccessorImpl.invoke(Unknown Source)
	at java.lang.reflect.Method.invoke(Unknown Source)
	at org.testng.internal.MethodInvocationHelper.invokeMethod(MethodInvocationHelper.java:86)
	at org.testng.internal.Invoker.invokeMethod(Invoker.java:643)
	at org.testng.internal.Invoker.invokeTestMethod(Invoker.java:820)
	at org.testng.internal.Invoker.invokeTestMethods(Invoker.java:1128)
	at org.testng.internal.TestMethodWorker.invokeTestMethods(TestMethodWorker.java:129)
	at org.testng.internal.TestMethodWorker.run(TestMethodWorker.java:112)
	at org.testng.TestRunner.privateRun(TestRunner.java:782)
	at org.testng.TestRunner.run(TestRunner.java:632)
	at org.testng.SuiteRunner.runTest(SuiteRunner.java:366)
	at org.testng.SuiteRunner.runSequentially(SuiteRunner.java:361)
	at org.testng.SuiteRunner.privateRun(SuiteRunner.java:319)
	at org.testng.SuiteRunner.run(SuiteRunner.java:268)
	at org.testng.SuiteRunnerWorker.runSuite(SuiteRunnerWorker.java:52)
	at org.testng.SuiteRunnerWorker.run(SuiteRunnerWorker.java:86)
	at org.testng.TestNG.runSuitesSequentially(TestNG.java:1244)
	at org.testng.TestNG.runSuitesLocally(TestNG.java:1169)
	at org.testng.TestNG.run(TestNG.java:1064)
	at org.testng.remote.AbstractRemoteTestNG.run(AbstractRemoteTestNG.java:114)
	at org.testng.remote.RemoteTestNG.initAndRun(RemoteTestNG.java:251)
	at org.testng.remote.RemoteTestNG.main(RemoteTestNG.java:77)
Caused by: org.openqa.selenium.NoSuchElementException: no such element: Unable to locate element: {"method":"xpath","selector":"//div[@id='dvReportRenderBacktracking']/div[2]/div[1]/div[2]/table"}
  (Session info: chrome=108.0.5359.125)
For documentation on this error, please visit: http://seleniumhq.org/exceptions/no_such_element.html
Build info: version: '3.12.0', revision: '7c6e0b3', time: '2018-05-08T14:04:26.12Z'
System info: host: 'FOCUS-QA-10', ip: '192.168.4.206', os.name: 'Windows 10', os.arch: 'amd64', os.version: '10.0', java.version: '1.8.0_111'
Driver info: org.openqa.selenium.chrome.ChromeDriver
Capabilities {acceptInsecureCerts: false, browserName: chrome, browserVersion: 108.0.5359.125, chrome: {chromedriverVersion: 108.0.5359.71 (1e0e3868ee06..., userDataDir: C:\Users\Rakesh\AppData\Loc...}, goog:chromeOptions: {debuggerAddress: localhost:59756}, javascriptEnabled: true, networkConnectionEnabled: false, pageLoadStrategy: normal, platform: WINDOWS, platformName: WINDOWS, proxy: Proxy(), setWindowRect: true, strictFileInteractability: false, timeouts: {implicit: 0, pageLoad: 300000, script: 30000}, unhandledPromptBehavior: dismiss and notify, webauthn:extension:credBlob: true, webauthn:extension:largeBlob: true, webauthn:virtualAuthenticators: true}
Session ID: 56bfff794ecbcecb25f8ad2526ab4f26
*** Element info: {Using=xpath, value=//div[@id='dvReportRenderBacktracking']/div[2]/div[1]/div[2]/table}
	at sun.reflect.NativeConstructorAccessorImpl.newInstance0(Native Method)
	at sun.reflect.NativeConstructorAccessorImpl.newInstance(Unknown Source)
	at sun.reflect.DelegatingConstructorAccessorImpl.newInstance(Unknown Source)
	at java.lang.reflect.Constructor.newInstance(Unknown Source)
	at org.openqa.selenium.remote.http.W3CHttpResponseCodec.createException(W3CHttpResponseCodec.java:187)
	at org.openqa.selenium.remote.http.W3CHttpResponseCodec.decode(W3CHttpResponseCodec.java:122)
	at org.openqa.selenium.remote.http.W3CHttpResponseCodec.decode(W3CHttpResponseCodec.java:49)
	at org.openqa.selenium.remote.HttpCommandExecutor.execute(HttpCommandExecutor.java:158)
	at org.openqa.selenium.remote.service.DriverCommandExecutor.execute(DriverCommandExecutor.java:83)
	at org.openqa.selenium.remote.RemoteWebDriver.execute(RemoteWebDriver.java:543)
	at org.openqa.selenium.remote.RemoteWebDriver.findElement(RemoteWebDriver.java:317)
	at org.openqa.selenium.remote.RemoteWebDriver.findElementByXPath(RemoteWebDriver.java:419)
	at org.openqa.selenium.By$ByXPath.findElement(By.java:353)
	at org.openqa.selenium.remote.RemoteWebDriver.findElement(RemoteWebDriver.java:309)
	at org.openqa.selenium.support.pagefactory.DefaultElementLocator.findElement(DefaultElementLocator.java:69)
	at org.openqa.selenium.support.pagefactory.internal.LocatingElementHandler.invoke(LocatingElementHandler.java:38)
	at com.sun.proxy.$Proxy12.isDisplayed(Unknown Source)
	at org.openqa.selenium.support.ui.ExpectedConditions.elementIfVisible(ExpectedConditions.java:315)
	at org.openqa.selenium.support.ui.ExpectedConditions.access$100(ExpectedConditions.java:44)
	at org.openqa.selenium.support.ui.ExpectedConditions$10.apply(ExpectedConditions.java:301)
	at org.openqa.selenium.support.ui.ExpectedConditions$10.apply(ExpectedConditions.java:298)
	at org.openqa.selenium.support.ui.FluentWait.until(FluentWait.java:248)
	... 26 more
]]>
    </error>
  </testcase> <!-- checkAgeingAnalysisByBinReportBackTrackOption -->
  <testcase name="checkAgeingAnalysisByRMAReportWithWarehouseAndIgnoreInternalTransferForAgeingOptions" time="4.553" classname="com.focus.testcases.InventoryReportsTest"/>
  <testcase name="checkAgeingAnalysisByRMAReportWithFilterOption" time="36.106" classname="com.focus.testcases.InventoryReportsTest"/>
  <testcase name="checkStockAnalysisByBatchReportBackTrackOption" time="34.071" classname="com.focus.testcases.InventoryReportsTest"/>
  <testcase name="checkExpiredStockByBinsReportCustomizationOption" time="16.122" classname="com.focus.testcases.InventoryReportsTest"/>
  <testcase name="checkStockLedgerReportBackTrackOption" time="23.087" classname="com.focus.testcases.InventoryReportsTest"/>
  <testcase name="checkStockAgeingAnalysisReports" time="22.852" classname="com.focus.testcases.InventoryReportsTest"/>
  <testcase name="checkBestSellingItemReportWithSortingOnAndIncludeAllVouchersChkBox" time="3.648" classname="com.focus.testcases.InventoryReportsTest"/>
  <testcase name="checkActualConsumptionReportWithFilterOption" time="33.597" classname="com.focus.testcases.InventoryReportsTest"/>
  <testcase name="checkStockReservationRegisterReportWithFilterOption" time="36.375" classname="com.focus.testcases.InventoryReportsTest"/>
  <testcase name="checkStockAgeingAnalysisReportWithBackTrackOptions" time="93.500" classname="com.focus.testcases.InventoryReportsTest">
    <error type="org.openqa.selenium.TimeoutException" message="Expected condition failed: waiting for visibility of Proxy element for: DefaultElementLocator &#039;By.xpath: //div[@id=&#039;dvReportRenderBacktracking&#039;]/div[1]/div[1]/div[2]/table&#039; (tried for 40 second(s) with 5000 milliseconds interval)">
      <![CDATA[org.openqa.selenium.TimeoutException: Expected condition failed: waiting for visibility of Proxy element for: DefaultElementLocator 'By.xpath: //div[@id='dvReportRenderBacktracking']/div[1]/div[1]/div[2]/table' (tried for 40 second(s) with 5000 milliseconds interval)
	at org.openqa.selenium.support.ui.FluentWait.timeoutException(FluentWait.java:303)
	at org.openqa.selenium.support.ui.FluentWait.until(FluentWait.java:271)
	at com.focus.Pages.InventoryReportsPage.checkStockAgeingAnalysisReportWithBackTrackOptions(InventoryReportsPage.java:28026)
	at com.focus.testcases.InventoryReportsTest.checkStockAgeingAnalysisReportWithBackTrackOptions(InventoryReportsTest.java:506)
	at sun.reflect.NativeMethodAccessorImpl.invoke0(Native Method)
	at sun.reflect.NativeMethodAccessorImpl.invoke(Unknown Source)
	at sun.reflect.DelegatingMethodAccessorImpl.invoke(Unknown Source)
	at java.lang.reflect.Method.invoke(Unknown Source)
	at org.testng.internal.MethodInvocationHelper.invokeMethod(MethodInvocationHelper.java:86)
	at org.testng.internal.Invoker.invokeMethod(Invoker.java:643)
	at org.testng.internal.Invoker.invokeTestMethod(Invoker.java:820)
	at org.testng.internal.Invoker.invokeTestMethods(Invoker.java:1128)
	at org.testng.internal.TestMethodWorker.invokeTestMethods(TestMethodWorker.java:129)
	at org.testng.internal.TestMethodWorker.run(TestMethodWorker.java:112)
	at org.testng.TestRunner.privateRun(TestRunner.java:782)
	at org.testng.TestRunner.run(TestRunner.java:632)
	at org.testng.SuiteRunner.runTest(SuiteRunner.java:366)
	at org.testng.SuiteRunner.runSequentially(SuiteRunner.java:361)
	at org.testng.SuiteRunner.privateRun(SuiteRunner.java:319)
	at org.testng.SuiteRunner.run(SuiteRunner.java:268)
	at org.testng.SuiteRunnerWorker.runSuite(SuiteRunnerWorker.java:52)
	at org.testng.SuiteRunnerWorker.run(SuiteRunnerWorker.java:86)
	at org.testng.TestNG.runSuitesSequentially(TestNG.java:1244)
	at org.testng.TestNG.runSuitesLocally(TestNG.java:1169)
	at org.testng.TestNG.run(TestNG.java:1064)
	at org.testng.remote.AbstractRemoteTestNG.run(AbstractRemoteTestNG.java:114)
	at org.testng.remote.RemoteTestNG.initAndRun(RemoteTestNG.java:251)
	at org.testng.remote.RemoteTestNG.main(RemoteTestNG.java:77)
Caused by: org.openqa.selenium.NoSuchElementException: no such element: Unable to locate element: {"method":"xpath","selector":"//div[@id='dvReportRenderBacktracking']/div[1]/div[1]/div[2]/table"}
  (Session info: chrome=108.0.5359.125)
For documentation on this error, please visit: http://seleniumhq.org/exceptions/no_such_element.html
Build info: version: '3.12.0', revision: '7c6e0b3', time: '2018-05-08T14:04:26.12Z'
System info: host: 'FOCUS-QA-10', ip: '192.168.4.206', os.name: 'Windows 10', os.arch: 'amd64', os.version: '10.0', java.version: '1.8.0_111'
Driver info: org.openqa.selenium.chrome.ChromeDriver
Capabilities {acceptInsecureCerts: false, browserName: chrome, browserVersion: 108.0.5359.125, chrome: {chromedriverVersion: 108.0.5359.71 (1e0e3868ee06..., userDataDir: C:\Users\Rakesh\AppData\Loc...}, goog:chromeOptions: {debuggerAddress: localhost:59756}, javascriptEnabled: true, networkConnectionEnabled: false, pageLoadStrategy: normal, platform: WINDOWS, platformName: WINDOWS, proxy: Proxy(), setWindowRect: true, strictFileInteractability: false, timeouts: {implicit: 0, pageLoad: 300000, script: 30000}, unhandledPromptBehavior: dismiss and notify, webauthn:extension:credBlob: true, webauthn:extension:largeBlob: true, webauthn:virtualAuthenticators: true}
Session ID: 56bfff794ecbcecb25f8ad2526ab4f26
*** Element info: {Using=xpath, value=//div[@id='dvReportRenderBacktracking']/div[1]/div[1]/div[2]/table}
	at sun.reflect.NativeConstructorAccessorImpl.newInstance0(Native Method)
	at sun.reflect.NativeConstructorAccessorImpl.newInstance(Unknown Source)
	at sun.reflect.DelegatingConstructorAccessorImpl.newInstance(Unknown Source)
	at java.lang.reflect.Constructor.newInstance(Unknown Source)
	at org.openqa.selenium.remote.http.W3CHttpResponseCodec.createException(W3CHttpResponseCodec.java:187)
	at org.openqa.selenium.remote.http.W3CHttpResponseCodec.decode(W3CHttpResponseCodec.java:122)
	at org.openqa.selenium.remote.http.W3CHttpResponseCodec.decode(W3CHttpResponseCodec.java:49)
	at org.openqa.selenium.remote.HttpCommandExecutor.execute(HttpCommandExecutor.java:158)
	at org.openqa.selenium.remote.service.DriverCommandExecutor.execute(DriverCommandExecutor.java:83)
	at org.openqa.selenium.remote.RemoteWebDriver.execute(RemoteWebDriver.java:543)
	at org.openqa.selenium.remote.RemoteWebDriver.findElement(RemoteWebDriver.java:317)
	at org.openqa.selenium.remote.RemoteWebDriver.findElementByXPath(RemoteWebDriver.java:419)
	at org.openqa.selenium.By$ByXPath.findElement(By.java:353)
	at org.openqa.selenium.remote.RemoteWebDriver.findElement(RemoteWebDriver.java:309)
	at org.openqa.selenium.support.pagefactory.DefaultElementLocator.findElement(DefaultElementLocator.java:69)
	at org.openqa.selenium.support.pagefactory.internal.LocatingElementHandler.invoke(LocatingElementHandler.java:38)
	at com.sun.proxy.$Proxy12.isDisplayed(Unknown Source)
	at org.openqa.selenium.support.ui.ExpectedConditions.elementIfVisible(ExpectedConditions.java:315)
	at org.openqa.selenium.support.ui.ExpectedConditions.access$100(ExpectedConditions.java:44)
	at org.openqa.selenium.support.ui.ExpectedConditions$10.apply(ExpectedConditions.java:301)
	at org.openqa.selenium.support.ui.ExpectedConditions$10.apply(ExpectedConditions.java:298)
	at org.openqa.selenium.support.ui.FluentWait.until(FluentWait.java:248)
	... 26 more
]]>
    </error>
  </testcase> <!-- checkStockAgeingAnalysisReportWithBackTrackOptions -->
  <testcase name="checkGroupItemsinStockMovement" time="10.257" classname="com.focus.testcases.InventoryReportsTest"/>
  <testcase name="checkABCAnalysisReportWithClassificationAndCriteriaOptions" time="4.171" classname="com.focus.testcases.InventoryReportsTest"/>
  <testcase name="checkStockAnalysisByBinReportWithFilterOption" time="34.063" classname="com.focus.testcases.InventoryReportsTest"/>
  <testcase name="checkStockBalanaceByBinsReportFilterOption" time="31.207" classname="com.focus.testcases.InventoryReportsTest"/>
  <testcase name="checkSlowMovingItemsReportBackTrackOption" time="31.422" classname="com.focus.testcases.InventoryReportsTest"/>
  <testcase name="checkMultiLevelStockMovementReports" time="14.547" classname="com.focus.testcases.InventoryReportsTest"/>
  <testcase name="checkStockMovementReports" time="21.558" classname="com.focus.testcases.InventoryReportsTest"/>
  <testcase name="checkAgeingByItemByBinReportBackTrackOption" time="48.730" classname="com.focus.testcases.InventoryReportsTest"/>
  <testcase name="checkStockAnalysisByBatchReportWithStockTypeGoodBatches" time="4.422" classname="com.focus.testcases.InventoryReportsTest"/>
  <testcase name="ckeckStockLedgerOutputDropdownwithExcelCSVOption" time="17.915" classname="com.focus.testcases.InventoryReportsTest"/>
  <testcase name="checkStockValuationReportWithStockValuationDisplayLinearReportIncludeServiceTypeItemOption" time="4.091" classname="com.focus.testcases.InventoryReportsTest"/>
  <testcase name="checkStockLedgerReportWithMovedItemsOnlyAndIncludeServiceTypeItemsCheckBoxs" time="6.719" classname="com.focus.testcases.InventoryReportsTest"/>
  <testcase name="checkNegativeBatchListReport" time="6.601" classname="com.focus.testcases.InventoryReportsTest">
    <error type="org.openqa.selenium.ElementClickInterceptedException" message="element click intercepted: Element &lt;input type=&quot;checkbox&quot; class=&quot;Fchkbox&quot; name=&quot;selectAllMasters&quot; id=&quot;selectAllMasters_&quot; onclick=&quot;REPORTVIEW.checkAllMasters(this,&#039;/Focus8W/Landing/Landing/SelectAllMasters&#039;)&quot; data-text=&quot;Unselect All Item&quot; data-selectalltext=&quot;Select All Item&quot; data-unselectalltext=&quot;Unselect All Item&quot; data-focusreport=&quot;&quot; data-landingdashletid=&quot;&quot;&gt; is not clickable at point (1099, 205). Other element would receive the click: &lt;body class=&quot;custom_scrollbar&quot; onscroll=&quot;mainScroll(this, event);&quot; onkeydown=&quot;return onBodyKeyDown(this, event);&quot; data-version=&quot;0&quot; style=&quot;&quot;&gt;...&lt;/body&gt;
  (Session info: chrome=108.0.5359.125)
Build info: version: &#039;3.12.0&#039;, revision: &#039;7c6e0b3&#039;, time: &#039;2018-05-08T14:04:26.12Z&#039;
System info: host: &#039;FOCUS-QA-10&#039;, ip: &#039;192.168.4.206&#039;, os.name: &#039;Windows 10&#039;, os.arch: &#039;amd64&#039;, os.version: &#039;10.0&#039;, java.version: &#039;1.8.0_111&#039;
Driver info: org.openqa.selenium.chrome.ChromeDriver
Capabilities {acceptInsecureCerts: false, browserName: chrome, browserVersion: 108.0.5359.125, chrome: {chromedriverVersion: 108.0.5359.71 (1e0e3868ee06..., userDataDir: C:\Users\Rakesh\AppData\Loc...}, goog:chromeOptions: {debuggerAddress: localhost:59756}, javascriptEnabled: true, networkConnectionEnabled: false, pageLoadStrategy: normal, platform: WINDOWS, platformName: WINDOWS, proxy: Proxy(), setWindowRect: true, strictFileInteractability: false, timeouts: {implicit: 0, pageLoad: 300000, script: 30000}, unhandledPromptBehavior: dismiss and notify, webauthn:extension:credBlob: true, webauthn:extension:largeBlob: true, webauthn:virtualAuthenticators: true}
Session ID: 56bfff794ecbcecb25f8ad2526ab4f26">
      <![CDATA[org.openqa.selenium.ElementClickInterceptedException: element click intercepted: Element <input type="checkbox" class="Fchkbox" name="selectAllMasters" id="selectAllMasters_" onclick="REPORTVIEW.checkAllMasters(this,'/Focus8W/Landing/Landing/SelectAllMasters')" data-text="Unselect All Item" data-selectalltext="Select All Item" data-unselectalltext="Unselect All Item" data-focusreport="" data-landingdashletid=""> is not clickable at point (1099, 205). Other element would receive the click: <body class="custom_scrollbar" onscroll="mainScroll(this, event);" onkeydown="return onBodyKeyDown(this, event);" data-version="0" style="">...</body>
  (Session info: chrome=108.0.5359.125)
Build info: version: '3.12.0', revision: '7c6e0b3', time: '2018-05-08T14:04:26.12Z'
System info: host: 'FOCUS-QA-10', ip: '192.168.4.206', os.name: 'Windows 10', os.arch: 'amd64', os.version: '10.0', java.version: '1.8.0_111'
Driver info: org.openqa.selenium.chrome.ChromeDriver
Capabilities {acceptInsecureCerts: false, browserName: chrome, browserVersion: 108.0.5359.125, chrome: {chromedriverVersion: 108.0.5359.71 (1e0e3868ee06..., userDataDir: C:\Users\Rakesh\AppData\Loc...}, goog:chromeOptions: {debuggerAddress: localhost:59756}, javascriptEnabled: true, networkConnectionEnabled: false, pageLoadStrategy: normal, platform: WINDOWS, platformName: WINDOWS, proxy: Proxy(), setWindowRect: true, strictFileInteractability: false, timeouts: {implicit: 0, pageLoad: 300000, script: 30000}, unhandledPromptBehavior: dismiss and notify, webauthn:extension:credBlob: true, webauthn:extension:largeBlob: true, webauthn:virtualAuthenticators: true}
Session ID: 56bfff794ecbcecb25f8ad2526ab4f26
	at sun.reflect.NativeConstructorAccessorImpl.newInstance0(Native Method)
	at sun.reflect.NativeConstructorAccessorImpl.newInstance(Unknown Source)
	at sun.reflect.DelegatingConstructorAccessorImpl.newInstance(Unknown Source)
	at java.lang.reflect.Constructor.newInstance(Unknown Source)
	at org.openqa.selenium.remote.http.W3CHttpResponseCodec.createException(W3CHttpResponseCodec.java:187)
	at org.openqa.selenium.remote.http.W3CHttpResponseCodec.decode(W3CHttpResponseCodec.java:122)
	at org.openqa.selenium.remote.http.W3CHttpResponseCodec.decode(W3CHttpResponseCodec.java:49)
	at org.openqa.selenium.remote.HttpCommandExecutor.execute(HttpCommandExecutor.java:158)
	at org.openqa.selenium.remote.service.DriverCommandExecutor.execute(DriverCommandExecutor.java:83)
	at org.openqa.selenium.remote.RemoteWebDriver.execute(RemoteWebDriver.java:543)
	at org.openqa.selenium.remote.RemoteWebElement.execute(RemoteWebElement.java:276)
	at org.openqa.selenium.remote.RemoteWebElement.click(RemoteWebElement.java:83)
	at sun.reflect.GeneratedMethodAccessor4.invoke(Unknown Source)
	at sun.reflect.DelegatingMethodAccessorImpl.invoke(Unknown Source)
	at java.lang.reflect.Method.invoke(Unknown Source)
	at org.openqa.selenium.support.pagefactory.internal.LocatingElementHandler.invoke(LocatingElementHandler.java:51)
	at com.sun.proxy.$Proxy12.click(Unknown Source)
	at com.focus.Pages.InventoryReportsPage.checkNegativeBatchListReport(InventoryReportsPage.java:42853)
	at com.focus.testcases.InventoryReportsTest.checkNegativeBatchListReport(InventoryReportsTest.java:930)
	at sun.reflect.NativeMethodAccessorImpl.invoke0(Native Method)
	at sun.reflect.NativeMethodAccessorImpl.invoke(Unknown Source)
	at sun.reflect.DelegatingMethodAccessorImpl.invoke(Unknown Source)
	at java.lang.reflect.Method.invoke(Unknown Source)
	at org.testng.internal.MethodInvocationHelper.invokeMethod(MethodInvocationHelper.java:86)
	at org.testng.internal.Invoker.invokeMethod(Invoker.java:643)
	at org.testng.internal.Invoker.invokeTestMethod(Invoker.java:820)
	at org.testng.internal.Invoker.invokeTestMethods(Invoker.java:1128)
	at org.testng.internal.TestMethodWorker.invokeTestMethods(TestMethodWorker.java:129)
	at org.testng.internal.TestMethodWorker.run(TestMethodWorker.java:112)
	at org.testng.TestRunner.privateRun(TestRunner.java:782)
	at org.testng.TestRunner.run(TestRunner.java:632)
	at org.testng.SuiteRunner.runTest(SuiteRunner.java:366)
	at org.testng.SuiteRunner.runSequentially(SuiteRunner.java:361)
	at org.testng.SuiteRunner.privateRun(SuiteRunner.java:319)
	at org.testng.SuiteRunner.run(SuiteRunner.java:268)
	at org.testng.SuiteRunnerWorker.runSuite(SuiteRunnerWorker.java:52)
	at org.testng.SuiteRunnerWorker.run(SuiteRunnerWorker.java:86)
	at org.testng.TestNG.runSuitesSequentially(TestNG.java:1244)
	at org.testng.TestNG.runSuitesLocally(TestNG.java:1169)
	at org.testng.TestNG.run(TestNG.java:1064)
	at org.testng.remote.AbstractRemoteTestNG.run(AbstractRemoteTestNG.java:114)
	at org.testng.remote.RemoteTestNG.initAndRun(RemoteTestNG.java:251)
	at org.testng.remote.RemoteTestNG.main(RemoteTestNG.java:77)
]]>
    </error>
  </testcase> <!-- checkNegativeBatchListReport -->
  <testcase name="checkStockReportbyTagReports" time="14.238" classname="com.focus.testcases.InventoryReportsTest"/>
  <testcase name="checkStockReportbyTagReportPrintOption" time="5.353" classname="com.focus.testcases.InventoryReportsTest"/>
  <testcase name="checkBestSellingItemReport" time="10.123" classname="com.focus.testcases.InventoryReportsTest"/>
  <testcase name="checkAgeingAnalysisByRMAReport" time="160.966" classname="com.focus.testcases.InventoryReportsTest"/>
  <testcase name="checkAgeingAnalysisByBatchReportBackTrackOption" time="48.427" classname="com.focus.testcases.InventoryReportsTest"/>
  <testcase name="checkSlowMovingItemsReportWithFilterOption" time="34.363" classname="com.focus.testcases.InventoryReportsTest"/>
  <testcase name="checkStockMovementReportsWithStockMovementByWarehouseAndIncludeServiceTypeItemOptions" time="6.853" classname="com.focus.testcases.InventoryReportsTest"/>
  <testcase name="checkLogoutAndLoginWithSU" time="18.107" classname="com.focus.testcases.InventoryReportsTest"/>
  <testcase name="checkStockValuationReportBackTrackOption" time="23.655" classname="com.focus.testcases.InventoryReportsTest"/>
  <testcase name="checkStockLedgerCustomizationReport" time="24.892" classname="com.focus.testcases.InventoryReportsTest"/>
  <testcase name="checkItemQueryReport" time="31.843" classname="com.focus.testcases.InventoryReportsTest"/>
  <testcase name="checkActualConsumptionReportBackTrackOption" time="34.218" classname="com.focus.testcases.InventoryReportsTest"/>
  <testcase name="checkStockMovementReportBackTrackOption" time="7.286" classname="com.focus.testcases.InventoryReportsTest">
    <error type="java.lang.IndexOutOfBoundsException" message="Index: 13, Size: 13">
      <![CDATA[java.lang.IndexOutOfBoundsException: Index: 13, Size: 13
	at java.util.ArrayList.rangeCheck(Unknown Source)
	at java.util.ArrayList.get(Unknown Source)
	at sun.reflect.GeneratedMethodAccessor3.invoke(Unknown Source)
	at sun.reflect.DelegatingMethodAccessorImpl.invoke(Unknown Source)
	at java.lang.reflect.Method.invoke(Unknown Source)
	at org.openqa.selenium.support.pagefactory.internal.LocatingElementListHandler.invoke(LocatingElementListHandler.java:39)
	at com.sun.proxy.$Proxy16.get(Unknown Source)
	at com.focus.Pages.InventoryReportsPage.checkStockMovementReportBackTrackOption(InventoryReportsPage.java:21184)
	at com.focus.testcases.InventoryReportsTest.checkStockMovementReportBackTrackOption(InventoryReportsTest.java:166)
	at sun.reflect.NativeMethodAccessorImpl.invoke0(Native Method)
	at sun.reflect.NativeMethodAccessorImpl.invoke(Unknown Source)
	at sun.reflect.DelegatingMethodAccessorImpl.invoke(Unknown Source)
	at java.lang.reflect.Method.invoke(Unknown Source)
	at org.testng.internal.MethodInvocationHelper.invokeMethod(MethodInvocationHelper.java:86)
	at org.testng.internal.Invoker.invokeMethod(Invoker.java:643)
	at org.testng.internal.Invoker.invokeTestMethod(Invoker.java:820)
	at org.testng.internal.Invoker.invokeTestMethods(Invoker.java:1128)
	at org.testng.internal.TestMethodWorker.invokeTestMethods(TestMethodWorker.java:129)
	at org.testng.internal.TestMethodWorker.run(TestMethodWorker.java:112)
	at org.testng.TestRunner.privateRun(TestRunner.java:782)
	at org.testng.TestRunner.run(TestRunner.java:632)
	at org.testng.SuiteRunner.runTest(SuiteRunner.java:366)
	at org.testng.SuiteRunner.runSequentially(SuiteRunner.java:361)
	at org.testng.SuiteRunner.privateRun(SuiteRunner.java:319)
	at org.testng.SuiteRunner.run(SuiteRunner.java:268)
	at org.testng.SuiteRunnerWorker.runSuite(SuiteRunnerWorker.java:52)
	at org.testng.SuiteRunnerWorker.run(SuiteRunnerWorker.java:86)
	at org.testng.TestNG.runSuitesSequentially(TestNG.java:1244)
	at org.testng.TestNG.runSuitesLocally(TestNG.java:1169)
	at org.testng.TestNG.run(TestNG.java:1064)
	at org.testng.remote.AbstractRemoteTestNG.run(AbstractRemoteTestNG.java:114)
	at org.testng.remote.RemoteTestNG.initAndRun(RemoteTestNG.java:251)
	at org.testng.remote.RemoteTestNG.main(RemoteTestNG.java:77)
]]>
    </error>
  </testcase> <!-- checkStockMovementReportBackTrackOption -->
  <testcase name="checkItemGroupAccountinStockMovementReport" time="5.075" classname="com.focus.testcases.InventoryReportsTest"/>
  <testcase name="checkStockLedgerOutputDropdownasFilePathOption" time="21.577" classname="com.focus.testcases.InventoryReportsTest"/>
  <testcase name="checkGeneralLedgerandInventoryMismatchReport" time="17.378" classname="com.focus.testcases.InventoryReportsTest">
    <failure type="java.lang.AssertionError" message="expected [true] but found [false]">
      <![CDATA[java.lang.AssertionError: expected [true] but found [false]
	at org.testng.Assert.fail(Assert.java:94)
	at org.testng.Assert.failNotEquals(Assert.java:513)
	at org.testng.Assert.assertEqualsImpl(Assert.java:135)
	at org.testng.Assert.assertEquals(Assert.java:116)
	at org.testng.Assert.assertEquals(Assert.java:305)
	at org.testng.Assert.assertEquals(Assert.java:315)
	at com.focus.testcases.InventoryReportsTest.checkGeneralLedgerandInventoryMismatchReport(InventoryReportsTest.java:922)
	at sun.reflect.NativeMethodAccessorImpl.invoke0(Native Method)
	at sun.reflect.NativeMethodAccessorImpl.invoke(Unknown Source)
	at sun.reflect.DelegatingMethodAccessorImpl.invoke(Unknown Source)
	at java.lang.reflect.Method.invoke(Unknown Source)
	at org.testng.internal.MethodInvocationHelper.invokeMethod(MethodInvocationHelper.java:86)
	at org.testng.internal.Invoker.invokeMethod(Invoker.java:643)
	at org.testng.internal.Invoker.invokeTestMethod(Invoker.java:820)
	at org.testng.internal.Invoker.invokeTestMethods(Invoker.java:1128)
	at org.testng.internal.TestMethodWorker.invokeTestMethods(TestMethodWorker.java:129)
	at org.testng.internal.TestMethodWorker.run(TestMethodWorker.java:112)
	at org.testng.TestRunner.privateRun(TestRunner.java:782)
	at org.testng.TestRunner.run(TestRunner.java:632)
	at org.testng.SuiteRunner.runTest(SuiteRunner.java:366)
	at org.testng.SuiteRunner.runSequentially(SuiteRunner.java:361)
	at org.testng.SuiteRunner.privateRun(SuiteRunner.java:319)
	at org.testng.SuiteRunner.run(SuiteRunner.java:268)
	at org.testng.SuiteRunnerWorker.runSuite(SuiteRunnerWorker.java:52)
	at org.testng.SuiteRunnerWorker.run(SuiteRunnerWorker.java:86)
	at org.testng.TestNG.runSuitesSequentially(TestNG.java:1244)
	at org.testng.TestNG.runSuitesLocally(TestNG.java:1169)
	at org.testng.TestNG.run(TestNG.java:1064)
	at org.testng.remote.AbstractRemoteTestNG.run(AbstractRemoteTestNG.java:114)
	at org.testng.remote.RemoteTestNG.initAndRun(RemoteTestNG.java:251)
	at org.testng.remote.RemoteTestNG.main(RemoteTestNG.java:77)
]]>
    </failure>
  </testcase> <!-- checkGeneralLedgerandInventoryMismatchReport -->
  <testcase name="checkStockReservationRegisterReportBackTrackOption" time="18.207" classname="com.focus.testcases.InventoryReportsTest"/>
  <testcase name="checkStockReportbyTagReportsWithUserForItemRestriction" time="14.044" classname="com.focus.testcases.InventoryReportsTest"/>
  <testcase name="checkStockAnalysisByBatchReport" time="16.651" classname="com.focus.testcases.InventoryReportsTest"/>
  <testcase name="checkStockValuationCustomizationReport" time="23.386" classname="com.focus.testcases.InventoryReportsTest"/>
  <testcase name="checkOpeningStockRegisterReportBackTrackOption" time="14.785" classname="com.focus.testcases.InventoryReportsTest"/>
  <testcase name="checkStockTransferRegisterReportWithFromAndToWarehouseAndDetailsOptions" time="9.857" classname="com.focus.testcases.InventoryReportsTest"/>
  <testcase name="checkStockBalancesByItemByBinsReportPrintOption" time="5.544" classname="com.focus.testcases.InventoryReportsTest"/>
  <testcase name="checkStockLedgerOutputDropdownwithPrinterasOption" time="39.625" classname="com.focus.testcases.InventoryReportsTest"/>
  <testcase name="checkRaiseIndentItemwithLowStockReport" time="20.154" classname="com.focus.testcases.InventoryReportsTest"/>
  <testcase name="checkStockStatementReportWithIncludeServiceTypeItem" time="5.998" classname="com.focus.testcases.InventoryReportsTest"/>
  <testcase name="checkStockTransferRegisterReportPrintOption" time="5.400" classname="com.focus.testcases.InventoryReportsTest"/>
  <testcase name="checkAgeingAnalysisByRMAReportBackTrackOption" time="76.763" classname="com.focus.testcases.InventoryReportsTest"/>
  <testcase name="checkSlowMovingItemsReport" time="12.200" classname="com.focus.testcases.InventoryReportsTest"/>
  <testcase name="checkTransactionTypeWiseStockReportBackTrackOption" time="34.148" classname="com.focus.testcases.InventoryReportsTest"/>
  <testcase name="checkExpiredStockByBinsReports" time="16.230" classname="com.focus.testcases.InventoryReportsTest"/>
  <testcase name="checkOpeningStockRegisterReportFilterOption" time="37.643" classname="com.focus.testcases.InventoryReportsTest"/>
  <testcase name="checkStockAgeingAnalysisReportFilterOption" time="36.085" classname="com.focus.testcases.InventoryReportsTest"/>
  <testcase name="checkRaiseRequestForQuoteReport" time="9.697" classname="com.focus.testcases.InventoryReportsTest"/>
  <testcase name="checkOpeningStockRegisterReport" time="12.584" classname="com.focus.testcases.InventoryReportsTest"/>
  <testcase name="checkStockAnalysisByRmaReportsPrintOption" time="5.225" classname="com.focus.testcases.InventoryReportsTest"/>
  <testcase name="checkStockTransferRegisterReport" time="13.599" classname="com.focus.testcases.InventoryReportsTest"/>
  <testcase name="checkStockLedgerOutputDropdownasPrintDraftModeOption" time="21.423" classname="com.focus.testcases.InventoryReportsTest"/>
  <testcase name="checkBestSellingItemReportBackTrackOption" time="31.953" classname="com.focus.testcases.InventoryReportsTest"/>
  <testcase name="checkStockBalanceByWarehouseReportIncludeServiceTypeItemOption" time="3.702" classname="com.focus.testcases.InventoryReportsTest"/>
  <testcase name="checkStockLedgerReport" time="14.744" classname="com.focus.testcases.InventoryReportsTest"/>
  <testcase name="checkStockReportbyTagReportBackTrackOption" time="38.288" classname="com.focus.testcases.InventoryReportsTest"/>
  <testcase name="checkStockStatementReport" time="15.579" classname="com.focus.testcases.InventoryReportsTest"/>
  <testcase name="checkStockStatementReportPrintOption" time="5.342" classname="com.focus.testcases.InventoryReportsTest"/>
  <testcase name="checkVirtualStockAnalysisReportBackTrackOption" time="29.597" classname="com.focus.testcases.InventoryReportsTest"/>
  <testcase name="checkPeakAndLowBalancesReport" time="10.947" classname="com.focus.testcases.InventoryReportsTest"/>
  <testcase name="checkMultiLevelStockMovementReportBackTrackOption" time="18.264" classname="com.focus.testcases.InventoryReportsTest"/>
  <testcase name="checkLoginWithSU" time="11.228" classname="com.focus.testcases.InventoryReportsTest"/>
  <testcase name="checkABCAnalysisReports" time="12.047" classname="com.focus.testcases.InventoryReportsTest"/>
  <testcase name="checkAgeingStockByBinsReports" time="19.334" classname="com.focus.testcases.InventoryReportsTest"/>
  <testcase name="checkAgeingAnalysisByBatchReportWithWarehouseAndIgnoreInternalTransferForAgeingOptions" time="8.532" classname="com.focus.testcases.InventoryReportsTest"/>
  <testcase name="ckeckStockLedgerOutputDropdownwithExcelSheetOption" time="18.721" classname="com.focus.testcases.InventoryReportsTest"/>
  <testcase name="checkMultiLevelStockMovementReportFilterOption" time="33.282" classname="com.focus.testcases.InventoryReportsTest"/>
  <testcase name="checkStockByItemByBinReportWithFilterOption" time="34.102" classname="com.focus.testcases.InventoryReportsTest"/>
  <testcase name="checkTransactionTypeWiseStockReportWithFilterOption" time="39.257" classname="com.focus.testcases.InventoryReportsTest"/>
  <testcase name="checkStockDetailsByBinsReports" time="15.988" classname="com.focus.testcases.InventoryReportsTest"/>
  <testcase name="checkStockBalanaceByBinsReports" time="18.771" classname="com.focus.testcases.InventoryReportsTest"/>
  <testcase name="checkStockDetailsByBinsReportBackTrackOption" time="32.611" classname="com.focus.testcases.InventoryReportsTest"/>
  <testcase name="checkStockAnalysisByRmaReports" time="24.912" classname="com.focus.testcases.InventoryReportsTest"/>
  <testcase name="checkStockAgeingAnalysisReportWithOptions" time="7.692" classname="com.focus.testcases.InventoryReportsTest"/>
  <testcase name="checkStockTransferRegisterReportBackTrackOption" time="27.647" classname="com.focus.testcases.InventoryReportsTest"/>
  <testcase name="checkAgeingAnalysisByBatchReports" time="18.335" classname="com.focus.testcases.InventoryReportsTest"/>
  <testcase name="checkStockMovementReportWithFilterOption" time="31.330" classname="com.focus.testcases.InventoryReportsTest"/>
  <testcase name="checkStockBalanaceByBinsReportBackTrackOption" time="29.838" classname="com.focus.testcases.InventoryReportsTest"/>
  <testcase name="checkFastMovingItemsReportWithFilterOption" time="37.254" classname="com.focus.testcases.InventoryReportsTest"/>
  <testcase name="checkAgeingAnalysisByBinReportWithWarehouseAndIgnoreInternalTransferForAgeingOptions" time="6.870" classname="com.focus.testcases.InventoryReportsTest"/>
  <testcase name="checkVirtualStockAnalysisReportWithIncludeServiceTypeItemOption" time="3.697" classname="com.focus.testcases.InventoryReportsTest"/>
  <testcase name="checkAgeingByItemByBinReportWithWarehouseAndIgnoreInternalTransferForAgeingOptions" time="5.902" classname="com.focus.testcases.InventoryReportsTest"/>
  <testcase name="checkActualConsumptionReport" time="13.918" classname="com.focus.testcases.InventoryReportsTest">
    <failure type="java.lang.AssertionError" message="expected [true] but found [false]">
      <![CDATA[java.lang.AssertionError: expected [true] but found [false]
	at org.testng.Assert.fail(Assert.java:94)
	at org.testng.Assert.failNotEquals(Assert.java:513)
	at org.testng.Assert.assertEqualsImpl(Assert.java:135)
	at org.testng.Assert.assertEquals(Assert.java:116)
	at org.testng.Assert.assertEquals(Assert.java:305)
	at org.testng.Assert.assertEquals(Assert.java:315)
	at com.focus.testcases.InventoryReportsTest.checkActualConsumptionReport(InventoryReportsTest.java:859)
	at sun.reflect.NativeMethodAccessorImpl.invoke0(Native Method)
	at sun.reflect.NativeMethodAccessorImpl.invoke(Unknown Source)
	at sun.reflect.DelegatingMethodAccessorImpl.invoke(Unknown Source)
	at java.lang.reflect.Method.invoke(Unknown Source)
	at org.testng.internal.MethodInvocationHelper.invokeMethod(MethodInvocationHelper.java:86)
	at org.testng.internal.Invoker.invokeMethod(Invoker.java:643)
	at org.testng.internal.Invoker.invokeTestMethod(Invoker.java:820)
	at org.testng.internal.Invoker.invokeTestMethods(Invoker.java:1128)
	at org.testng.internal.TestMethodWorker.invokeTestMethods(TestMethodWorker.java:129)
	at org.testng.internal.TestMethodWorker.run(TestMethodWorker.java:112)
	at org.testng.TestRunner.privateRun(TestRunner.java:782)
	at org.testng.TestRunner.run(TestRunner.java:632)
	at org.testng.SuiteRunner.runTest(SuiteRunner.java:366)
	at org.testng.SuiteRunner.runSequentially(SuiteRunner.java:361)
	at org.testng.SuiteRunner.privateRun(SuiteRunner.java:319)
	at org.testng.SuiteRunner.run(SuiteRunner.java:268)
	at org.testng.SuiteRunnerWorker.runSuite(SuiteRunnerWorker.java:52)
	at org.testng.SuiteRunnerWorker.run(SuiteRunnerWorker.java:86)
	at org.testng.TestNG.runSuitesSequentially(TestNG.java:1244)
	at org.testng.TestNG.runSuitesLocally(TestNG.java:1169)
	at org.testng.TestNG.run(TestNG.java:1064)
	at org.testng.remote.AbstractRemoteTestNG.run(AbstractRemoteTestNG.java:114)
	at org.testng.remote.RemoteTestNG.initAndRun(RemoteTestNG.java:251)
	at org.testng.remote.RemoteTestNG.main(RemoteTestNG.java:77)
]]>
    </failure>
  </testcase> <!-- checkActualConsumptionReport -->
  <testcase name="checkTransactionTypeWiseStockReport" time="17.540" classname="com.focus.testcases.InventoryReportsTest"/>
  <testcase name="checkPeakAndLowBalancesReportWithFilterOption" time="32.135" classname="com.focus.testcases.InventoryReportsTest">
    <failure type="java.lang.AssertionError" message="expected [true] but found [false]">
      <![CDATA[java.lang.AssertionError: expected [true] but found [false]
	at org.testng.Assert.fail(Assert.java:94)
	at org.testng.Assert.failNotEquals(Assert.java:513)
	at org.testng.Assert.assertEqualsImpl(Assert.java:135)
	at org.testng.Assert.assertEquals(Assert.java:116)
	at org.testng.Assert.assertEquals(Assert.java:305)
	at org.testng.Assert.assertEquals(Assert.java:315)
	at com.focus.testcases.InventoryReportsTest.checkPeakAndLowBalancesReportWithFilterOption(InventoryReportsTest.java:732)
	at sun.reflect.NativeMethodAccessorImpl.invoke0(Native Method)
	at sun.reflect.NativeMethodAccessorImpl.invoke(Unknown Source)
	at sun.reflect.DelegatingMethodAccessorImpl.invoke(Unknown Source)
	at java.lang.reflect.Method.invoke(Unknown Source)
	at org.testng.internal.MethodInvocationHelper.invokeMethod(MethodInvocationHelper.java:86)
	at org.testng.internal.Invoker.invokeMethod(Invoker.java:643)
	at org.testng.internal.Invoker.invokeTestMethod(Invoker.java:820)
	at org.testng.internal.Invoker.invokeTestMethods(Invoker.java:1128)
	at org.testng.internal.TestMethodWorker.invokeTestMethods(TestMethodWorker.java:129)
	at org.testng.internal.TestMethodWorker.run(TestMethodWorker.java:112)
	at org.testng.TestRunner.privateRun(TestRunner.java:782)
	at org.testng.TestRunner.run(TestRunner.java:632)
	at org.testng.SuiteRunner.runTest(SuiteRunner.java:366)
	at org.testng.SuiteRunner.runSequentially(SuiteRunner.java:361)
	at org.testng.SuiteRunner.privateRun(SuiteRunner.java:319)
	at org.testng.SuiteRunner.run(SuiteRunner.java:268)
	at org.testng.SuiteRunnerWorker.runSuite(SuiteRunnerWorker.java:52)
	at org.testng.SuiteRunnerWorker.run(SuiteRunnerWorker.java:86)
	at org.testng.TestNG.runSuitesSequentially(TestNG.java:1244)
	at org.testng.TestNG.runSuitesLocally(TestNG.java:1169)
	at org.testng.TestNG.run(TestNG.java:1064)
	at org.testng.remote.AbstractRemoteTestNG.run(AbstractRemoteTestNG.java:114)
	at org.testng.remote.RemoteTestNG.initAndRun(RemoteTestNG.java:251)
	at org.testng.remote.RemoteTestNG.main(RemoteTestNG.java:77)
]]>
    </failure>
  </testcase> <!-- checkPeakAndLowBalancesReportWithFilterOption -->
  <testcase name="checkFastMovingItemsReportBackTrackOption" time="63.750" classname="com.focus.testcases.InventoryReportsTest"/>
  <testcase name="checkVirtualStockAnalysisReports" time="15.821" classname="com.focus.testcases.InventoryReportsTest"/>
  <testcase name="checkStockValuationReports" time="13.051" classname="com.focus.testcases.InventoryReportsTest"/>
  <testcase name="checkStockAnalysisByBatchReportFilterOption" time="35.417" classname="com.focus.testcases.InventoryReportsTest">
    <failure type="java.lang.AssertionError" message="expected [true] but found [false]">
      <![CDATA[java.lang.AssertionError: expected [true] but found [false]
	at org.testng.Assert.fail(Assert.java:94)
	at org.testng.Assert.failNotEquals(Assert.java:513)
	at org.testng.Assert.assertEqualsImpl(Assert.java:135)
	at org.testng.Assert.assertEquals(Assert.java:116)
	at org.testng.Assert.assertEquals(Assert.java:305)
	at org.testng.Assert.assertEquals(Assert.java:315)
	at com.focus.testcases.InventoryReportsTest.checkStockAnalysisByBatchReportFilterOption(InventoryReportsTest.java:322)
	at sun.reflect.NativeMethodAccessorImpl.invoke0(Native Method)
	at sun.reflect.NativeMethodAccessorImpl.invoke(Unknown Source)
	at sun.reflect.DelegatingMethodAccessorImpl.invoke(Unknown Source)
	at java.lang.reflect.Method.invoke(Unknown Source)
	at org.testng.internal.MethodInvocationHelper.invokeMethod(MethodInvocationHelper.java:86)
	at org.testng.internal.Invoker.invokeMethod(Invoker.java:643)
	at org.testng.internal.Invoker.invokeTestMethod(Invoker.java:820)
	at org.testng.internal.Invoker.invokeTestMethods(Invoker.java:1128)
	at org.testng.internal.TestMethodWorker.invokeTestMethods(TestMethodWorker.java:129)
	at org.testng.internal.TestMethodWorker.run(TestMethodWorker.java:112)
	at org.testng.TestRunner.privateRun(TestRunner.java:782)
	at org.testng.TestRunner.run(TestRunner.java:632)
	at org.testng.SuiteRunner.runTest(SuiteRunner.java:366)
	at org.testng.SuiteRunner.runSequentially(SuiteRunner.java:361)
	at org.testng.SuiteRunner.privateRun(SuiteRunner.java:319)
	at org.testng.SuiteRunner.run(SuiteRunner.java:268)
	at org.testng.SuiteRunnerWorker.runSuite(SuiteRunnerWorker.java:52)
	at org.testng.SuiteRunnerWorker.run(SuiteRunnerWorker.java:86)
	at org.testng.TestNG.runSuitesSequentially(TestNG.java:1244)
	at org.testng.TestNG.runSuitesLocally(TestNG.java:1169)
	at org.testng.TestNG.run(TestNG.java:1064)
	at org.testng.remote.AbstractRemoteTestNG.run(AbstractRemoteTestNG.java:114)
	at org.testng.remote.RemoteTestNG.initAndRun(RemoteTestNG.java:251)
	at org.testng.remote.RemoteTestNG.main(RemoteTestNG.java:77)
]]>
    </failure>
  </testcase> <!-- checkStockAnalysisByBatchReportFilterOption -->
  <testcase name="checkPeakAndLowBalancesReportBackTrackOption" time="31.068" classname="com.focus.testcases.InventoryReportsTest"/>
  <testcase name="checkMultiLevelStockMovementReportWithIncludeServiceTypeItemOption" time="4.467" classname="com.focus.testcases.InventoryReportsTest"/>
</testsuite> <!-- com.focus.testcases.InventoryReportsTest -->
