<?xml version="1.0" encoding="UTF-8"?>
<!-- Generated by org.testng.reporters.JUnitReportReporter -->
<testsuite hostname="FOCUS-QA-10" name="com.focus.testcases.PDCTest" tests="34" failures="3" timestamp="8 May 2022 11:22:44 GMT" time="389.720" errors="0">
  <testcase name="checkPDCOptionsUnderSettings" time="5.442" classname="com.focus.testcases.PDCTest"/>
  <testcase name="checkCovertingVoucherInPDC" time="13.820" classname="com.focus.testcases.PDCTest"/>
  <testcase name="checkSavingVoucherInPostDatedReceiptsWithCustomerC" time="8.711" classname="com.focus.testcases.PDCTest"/>
  <testcase name="checkConvertedPDCVoucherInPayments" time="12.401" classname="com.focus.testcases.PDCTest"/>
  <testcase name="checkSavedVouchersInPDCVoucherScreenWithOutPostOnDate" time="12.693" classname="com.focus.testcases.PDCTest">
    <failure type="java.lang.AssertionError" message="expected [true] but found [false]">
      <![CDATA[java.lang.AssertionError: expected [true] but found [false]
	at org.testng.Assert.fail(Assert.java:94)
	at org.testng.Assert.failNotEquals(Assert.java:513)
	at org.testng.Assert.assertEqualsImpl(Assert.java:135)
	at org.testng.Assert.assertEquals(Assert.java:116)
	at org.testng.Assert.assertEquals(Assert.java:305)
	at org.testng.Assert.assertEquals(Assert.java:315)
	at com.focus.testcases.PDCTest.checkSavedVouchersInPDCVoucherScreenWithOutPostOnDate(PDCTest.java:64)
	at sun.reflect.NativeMethodAccessorImpl.invoke0(Native Method)
	at sun.reflect.NativeMethodAccessorImpl.invoke(Unknown Source)
	at sun.reflect.DelegatingMethodAccessorImpl.invoke(Unknown Source)
	at java.lang.reflect.Method.invoke(Unknown Source)
	at org.testng.internal.MethodInvocationHelper.invokeMethod(MethodInvocationHelper.java:86)
	at org.testng.internal.Invoker.invokeMethod(Invoker.java:643)
	at org.testng.internal.Invoker.invokeTestMethod(Invoker.java:820)
	at org.testng.internal.Invoker.invokeTestMethods(Invoker.java:1128)
	at org.testng.internal.TestMethodWorker.invokeTestMethods(TestMethodWorker.java:129)
	at org.testng.internal.TestMethodWorker.run(TestMethodWorker.java:112)
	at org.testng.TestRunner.privateRun(TestRunner.java:782)
	at org.testng.TestRunner.run(TestRunner.java:632)
	at org.testng.SuiteRunner.runTest(SuiteRunner.java:366)
	at org.testng.SuiteRunner.runSequentially(SuiteRunner.java:361)
	at org.testng.SuiteRunner.privateRun(SuiteRunner.java:319)
	at org.testng.SuiteRunner.run(SuiteRunner.java:268)
	at org.testng.SuiteRunnerWorker.runSuite(SuiteRunnerWorker.java:52)
	at org.testng.SuiteRunnerWorker.run(SuiteRunnerWorker.java:86)
	at org.testng.TestNG.runSuitesSequentially(TestNG.java:1244)
	at org.testng.TestNG.runSuitesLocally(TestNG.java:1169)
	at org.testng.TestNG.run(TestNG.java:1064)
	at org.testng.remote.AbstractRemoteTestNG.run(AbstractRemoteTestNG.java:114)
	at org.testng.remote.RemoteTestNG.initAndRun(RemoteTestNG.java:251)
	at org.testng.remote.RemoteTestNG.main(RemoteTestNG.java:77)
]]>
    </failure>
  </testcase> <!-- checkSavedVouchersInPDCVoucherScreenWithOutPostOnDate -->
  <testcase name="checkAddExtraFieldPDCInHeaderFieldOFPayments" time="24.440" classname="com.focus.testcases.PDCTest"/>
  <testcase name="checkUpdateinPDCUnderSettingMenuForEnableReversePostingInPayments" time="3.207" classname="com.focus.testcases.PDCTest"/>
  <testcase name="checkConvertedPDCVoucherInReceipts" time="12.321" classname="com.focus.testcases.PDCTest"/>
  <testcase name="checkCovertingVoucherInPDCWithReversePosting" time="13.711" classname="com.focus.testcases.PDCTest"/>
  <testcase name="CheckSavedVoucherInPDPVATInCovertedPDCScreen" time="12.642" classname="com.focus.testcases.PDCTest">
    <failure type="java.lang.AssertionError" message="expected [true] but found [false]">
      <![CDATA[java.lang.AssertionError: expected [true] but found [false]
	at org.testng.Assert.fail(Assert.java:94)
	at org.testng.Assert.failNotEquals(Assert.java:513)
	at org.testng.Assert.assertEqualsImpl(Assert.java:135)
	at org.testng.Assert.assertEquals(Assert.java:116)
	at org.testng.Assert.assertEquals(Assert.java:305)
	at org.testng.Assert.assertEquals(Assert.java:315)
	at com.focus.testcases.PDCTest.CheckSavedVoucherInPDPVATInCovertedPDCScreen(PDCTest.java:213)
	at sun.reflect.NativeMethodAccessorImpl.invoke0(Native Method)
	at sun.reflect.NativeMethodAccessorImpl.invoke(Unknown Source)
	at sun.reflect.DelegatingMethodAccessorImpl.invoke(Unknown Source)
	at java.lang.reflect.Method.invoke(Unknown Source)
	at org.testng.internal.MethodInvocationHelper.invokeMethod(MethodInvocationHelper.java:86)
	at org.testng.internal.Invoker.invokeMethod(Invoker.java:643)
	at org.testng.internal.Invoker.invokeTestMethod(Invoker.java:820)
	at org.testng.internal.Invoker.invokeTestMethods(Invoker.java:1128)
	at org.testng.internal.TestMethodWorker.invokeTestMethods(TestMethodWorker.java:129)
	at org.testng.internal.TestMethodWorker.run(TestMethodWorker.java:112)
	at org.testng.TestRunner.privateRun(TestRunner.java:782)
	at org.testng.TestRunner.run(TestRunner.java:632)
	at org.testng.SuiteRunner.runTest(SuiteRunner.java:366)
	at org.testng.SuiteRunner.runSequentially(SuiteRunner.java:361)
	at org.testng.SuiteRunner.privateRun(SuiteRunner.java:319)
	at org.testng.SuiteRunner.run(SuiteRunner.java:268)
	at org.testng.SuiteRunnerWorker.runSuite(SuiteRunnerWorker.java:52)
	at org.testng.SuiteRunnerWorker.run(SuiteRunnerWorker.java:86)
	at org.testng.TestNG.runSuitesSequentially(TestNG.java:1244)
	at org.testng.TestNG.runSuitesLocally(TestNG.java:1169)
	at org.testng.TestNG.run(TestNG.java:1064)
	at org.testng.remote.AbstractRemoteTestNG.run(AbstractRemoteTestNG.java:114)
	at org.testng.remote.RemoteTestNG.initAndRun(RemoteTestNG.java:251)
	at org.testng.remote.RemoteTestNG.main(RemoteTestNG.java:77)
]]>
    </failure>
  </testcase> <!-- CheckSavedVoucherInPDPVATInCovertedPDCScreen -->
  <testcase name="checkCreationOfNewCashAndBankAccountType" time="27.989" classname="com.focus.testcases.PDCTest"/>
  <testcase name="checkConvertingVouchersPDPInPDCVoucherScreenWithOutPostOnDate" time="0.401" classname="com.focus.testcases.PDCTest"/>
  <testcase name="checkSavingNewVoucherInPDPVATOnFutureDateWithCurrencyAEDAndDepartmentINDIA" time="13.045" classname="com.focus.testcases.PDCTest"/>
  <testcase name="CheckSavingVoucherInPDPVAT" time="25.304" classname="com.focus.testcases.PDCTest"/>
  <testcase name="checkDeleteOptionInPDPVAT" time="1.314" classname="com.focus.testcases.PDCTest"/>
  <testcase name="checkSavedVoucherInPDRVAT" time="1.614" classname="com.focus.testcases.PDCTest"/>
  <testcase name="checkSavedVoucherInPDPVAT" time="1.604" classname="com.focus.testcases.PDCTest"/>
  <testcase name="checkConvertingVouchersInPDCVoucherScreenWithOutPostOnDate" time="0.417" classname="com.focus.testcases.PDCTest"/>
  <testcase name="checkAddExtraFieldPDCInHeaderFieldOFReceipts" time="24.986" classname="com.focus.testcases.PDCTest"/>
  <testcase name="checkSavedCovertedVoucherInPaymentsAfterReversePosting" time="12.839" classname="com.focus.testcases.PDCTest"/>
  <testcase name="checkConvertingPDPVoucherInPDCScreenAfterExtraField" time="13.746" classname="com.focus.testcases.PDCTest"/>
  <testcase name="checkConvertMaturedPDCScreenForPDPVAT" time="13.105" classname="com.focus.testcases.PDCTest"/>
  <testcase name="checkSavingVoucherInPDPVATWithVendorB" time="27.176" classname="com.focus.testcases.PDCTest"/>
  <testcase name="checkCovertingPDPVoucherInPDCWithReversePosting" time="16.084" classname="com.focus.testcases.PDCTest">
    <failure type="java.lang.AssertionError" message="expected [true] but found [false]">
      <![CDATA[java.lang.AssertionError: expected [true] but found [false]
	at org.testng.Assert.fail(Assert.java:94)
	at org.testng.Assert.failNotEquals(Assert.java:513)
	at org.testng.Assert.assertEqualsImpl(Assert.java:135)
	at org.testng.Assert.assertEquals(Assert.java:116)
	at org.testng.Assert.assertEquals(Assert.java:305)
	at org.testng.Assert.assertEquals(Assert.java:315)
	at com.focus.testcases.PDCTest.checkCovertingPDPVoucherInPDCWithReversePosting(PDCTest.java:267)
	at sun.reflect.NativeMethodAccessorImpl.invoke0(Native Method)
	at sun.reflect.NativeMethodAccessorImpl.invoke(Unknown Source)
	at sun.reflect.DelegatingMethodAccessorImpl.invoke(Unknown Source)
	at java.lang.reflect.Method.invoke(Unknown Source)
	at org.testng.internal.MethodInvocationHelper.invokeMethod(MethodInvocationHelper.java:86)
	at org.testng.internal.Invoker.invokeMethod(Invoker.java:643)
	at org.testng.internal.Invoker.invokeTestMethod(Invoker.java:820)
	at org.testng.internal.Invoker.invokeTestMethods(Invoker.java:1128)
	at org.testng.internal.TestMethodWorker.invokeTestMethods(TestMethodWorker.java:129)
	at org.testng.internal.TestMethodWorker.run(TestMethodWorker.java:112)
	at org.testng.TestRunner.privateRun(TestRunner.java:782)
	at org.testng.TestRunner.run(TestRunner.java:632)
	at org.testng.SuiteRunner.runTest(SuiteRunner.java:366)
	at org.testng.SuiteRunner.runSequentially(SuiteRunner.java:361)
	at org.testng.SuiteRunner.privateRun(SuiteRunner.java:319)
	at org.testng.SuiteRunner.run(SuiteRunner.java:268)
	at org.testng.SuiteRunnerWorker.runSuite(SuiteRunnerWorker.java:52)
	at org.testng.SuiteRunnerWorker.run(SuiteRunnerWorker.java:86)
	at org.testng.TestNG.runSuitesSequentially(TestNG.java:1244)
	at org.testng.TestNG.runSuitesLocally(TestNG.java:1169)
	at org.testng.TestNG.run(TestNG.java:1064)
	at org.testng.remote.AbstractRemoteTestNG.run(AbstractRemoteTestNG.java:114)
	at org.testng.remote.RemoteTestNG.initAndRun(RemoteTestNG.java:251)
	at org.testng.remote.RemoteTestNG.main(RemoteTestNG.java:77)
]]>
    </failure>
  </testcase> <!-- checkCovertingPDPVoucherInPDCWithReversePosting -->
  <testcase name="checkDeleteOfConvertedVoucherinRecepits" time="0.970" classname="com.focus.testcases.PDCTest"/>
  <testcase name="checkSavingVoucherToPostDatedReceipts" time="25.809" classname="com.focus.testcases.PDCTest"/>
  <testcase name="checkEditingVoucherAndSavingInPDRVAT" time="8.737" classname="com.focus.testcases.PDCTest"/>
  <testcase name="checkSavedCovertedVoucherInReceiptsAfterReversePosting" time="12.271" classname="com.focus.testcases.PDCTest"/>
  <testcase name="checkConvertedMaturePDCScreenWithNoPDCExists" time="15.257" classname="com.focus.testcases.PDCTest"/>
  <testcase name="checkEditingVoucherAndSavingInPDPVAT" time="3.325" classname="com.focus.testcases.PDCTest"/>
  <testcase name="checkClickOnConvertedPDCVouchersAfterDeletionOfConvertedVoucherInRecepits" time="13.415" classname="com.focus.testcases.PDCTest"/>
  <testcase name="checkDeleteOptionInPDRVAT" time="1.434" classname="com.focus.testcases.PDCTest"/>
  <testcase name="checkUpdateinPDCUnderSettingMenuForDisableEnableReversePostingInRecepits" time="4.615" classname="com.focus.testcases.PDCTest"/>
  <testcase name="checkUpdateinPDCUnderSettingMenuForEnableReversePostingInRecepits" time="4.875" classname="com.focus.testcases.PDCTest"/>
</testsuite> <!-- com.focus.testcases.PDCTest -->
