<?xml version="1.0" encoding="UTF-8"?>
<!-- Generated by org.testng.reporters.JUnitReportReporter -->
<testsuite hostname="FOCUS-QA-10" name="com.focus.testcases.MenusandSubMenusTest" tests="91" failures="1" timestamp="31 Mar 2022 12:13:12 GMT" time="230.699" errors="1">
  <testcase name="checkSubMenusUnderFinancialMasterInformationReportsMenuList" time="2.193" classname="com.focus.testcases.MenusandSubMenusTest"/>
  <testcase name="checkSubMenusUnderFinancialTransactionsPurchaseMenuList" time="2.167" classname="com.focus.testcases.MenusandSubMenusTest"/>
  <testcase name="checkSubMenusUnderPointOfSaleGiftVoucherMenuList" time="2.159" classname="com.focus.testcases.MenusandSubMenusTest"/>
  <testcase name="checkSubMenusUnderYearEndProcessMenuList" time="1.198" classname="com.focus.testcases.MenusandSubMenusTest"/>
  <testcase name="checkSubMenusUnderFinancialReceivableAndPayableAnalysisVendorDetailMenuList" time="2.246" classname="com.focus.testcases.MenusandSubMenusTest"/>
  <testcase name="checkSubMenusUnderPoitnOfSalePOSReportsMemberReportsMenuList" time="2.218" classname="com.focus.testcases.MenusandSubMenusTest"/>
  <testcase name="checkSubMenusUnderFinancialSalesAndPurchaseAnalysisReportsMenuList" time="2.261" classname="com.focus.testcases.MenusandSubMenusTest"/>
  <testcase name="checkSubMenusUnderInventoryTransactionsPurchaseMenuList" time="2.180" classname="com.focus.testcases.MenusandSubMenusTest"/>
  <testcase name="checkSubMenusUnderFixedAssetReportsMenuList" time="2.427" classname="com.focus.testcases.MenusandSubMenusTest"/>
  <testcase name="checkSubMenusUnderFinancialTransactionsSalesMenuList" time="2.188" classname="com.focus.testcases.MenusandSubMenusTest"/>
  <testcase name="checkSubMenusUnderInventoryMenuList" time="2.208" classname="com.focus.testcases.MenusandSubMenusTest"/>
  <testcase name="checkSubMenusUnderPoitnOfSalePOSReportsStockReportsMenuList" time="2.150" classname="com.focus.testcases.MenusandSubMenusTest"/>
  <testcase name="checkSubMenusUnderSchemesDiscountDifinitionMenuList" time="2.191" classname="com.focus.testcases.MenusandSubMenusTest">
    <failure type="java.lang.AssertionError" message="expected [true] but found [false]">
      <![CDATA[java.lang.AssertionError: expected [true] but found [false]
	at org.testng.Assert.fail(Assert.java:94)
	at org.testng.Assert.failNotEquals(Assert.java:513)
	at org.testng.Assert.assertEqualsImpl(Assert.java:135)
	at org.testng.Assert.assertEquals(Assert.java:116)
	at org.testng.Assert.assertEquals(Assert.java:305)
	at org.testng.Assert.assertEquals(Assert.java:315)
	at com.focus.testcases.MenusandSubMenusTest.checkSubMenusUnderSchemesDiscountDifinitionMenuList(MenusandSubMenusTest.java:111)
	at sun.reflect.NativeMethodAccessorImpl.invoke0(Native Method)
	at sun.reflect.NativeMethodAccessorImpl.invoke(Unknown Source)
	at sun.reflect.DelegatingMethodAccessorImpl.invoke(Unknown Source)
	at java.lang.reflect.Method.invoke(Unknown Source)
	at org.testng.internal.MethodInvocationHelper.invokeMethod(MethodInvocationHelper.java:86)
	at org.testng.internal.Invoker.invokeMethod(Invoker.java:643)
	at org.testng.internal.Invoker.invokeTestMethod(Invoker.java:820)
	at org.testng.internal.Invoker.invokeTestMethods(Invoker.java:1128)
	at org.testng.internal.TestMethodWorker.invokeTestMethods(TestMethodWorker.java:129)
	at org.testng.internal.TestMethodWorker.run(TestMethodWorker.java:112)
	at org.testng.TestRunner.privateRun(TestRunner.java:782)
	at org.testng.TestRunner.run(TestRunner.java:632)
	at org.testng.SuiteRunner.runTest(SuiteRunner.java:366)
	at org.testng.SuiteRunner.runSequentially(SuiteRunner.java:361)
	at org.testng.SuiteRunner.privateRun(SuiteRunner.java:319)
	at org.testng.SuiteRunner.run(SuiteRunner.java:268)
	at org.testng.SuiteRunnerWorker.runSuite(SuiteRunnerWorker.java:52)
	at org.testng.SuiteRunnerWorker.run(SuiteRunnerWorker.java:86)
	at org.testng.TestNG.runSuitesSequentially(TestNG.java:1244)
	at org.testng.TestNG.runSuitesLocally(TestNG.java:1169)
	at org.testng.TestNG.run(TestNG.java:1064)
	at org.testng.remote.AbstractRemoteTestNG.run(AbstractRemoteTestNG.java:114)
	at org.testng.remote.RemoteTestNG.initAndRun(RemoteTestNG.java:251)
	at org.testng.remote.RemoteTestNG.main(RemoteTestNG.java:77)
]]>
    </failure>
  </testcase> <!-- checkSubMenusUnderSchemesDiscountDifinitionMenuList -->
  <testcase name="checkSubMenusUnderProductionReportsMenuList" time="2.420" classname="com.focus.testcases.MenusandSubMenusTest"/>
  <testcase name="checkSubMenusUnderPoitnOfSalePOSReportsCashReportsMenuList" time="2.144" classname="com.focus.testcases.MenusandSubMenusTest"/>
  <testcase name="checkSubMenusUnderPoitnOfSalePOSReportsSummarySalesReportsMenuList" time="2.450" classname="com.focus.testcases.MenusandSubMenusTest"/>
  <testcase name="checkSubMenusUnderFinancialCreditManagementDelinquencyMenuList" time="2.144" classname="com.focus.testcases.MenusandSubMenusTest"/>
  <testcase name="checkSubMenusUnderPayrollMenuList" time="3.423" classname="com.focus.testcases.MenusandSubMenusTest"/>
  <testcase name="checkSubMenusUnderPoitnOfSalePOSReportsMiscellaneousReportsMenuList" time="2.180" classname="com.focus.testcases.MenusandSubMenusTest"/>
  <testcase name="checkSubMenusUnderPoitnOfSalePOSReportsLastYearComparisonReportsMenuList" time="2.225" classname="com.focus.testcases.MenusandSubMenusTest"/>
  <testcase name="checkSubMenusUnderFixedAssetTransactionsMenuList" time="2.378" classname="com.focus.testcases.MenusandSubMenusTest"/>
  <testcase name="checkSubMenusUnderPointOfSaleTableManagementMenuList" time="2.141" classname="com.focus.testcases.MenusandSubMenusTest">
    <error type="org.openqa.selenium.ElementClickInterceptedException" message="element click intercepted: Element &lt;a href=&quot;#&quot; id=&quot;1025&quot; data-bind=&quot;0&quot; class=&quot;theme_menu_color&quot; onclick=&quot;LAYOUT.expandCollapse(this, event)&quot;&gt;...&lt;/a&gt; is not clickable at point (267, 13). Other element would receive the click: &lt;nav class=&quot;navbar navbar-static-top&quot; role=&quot;navigation&quot;&gt;...&lt;/nav&gt;
  (Session info: chrome=99.0.4844.84)
Build info: version: &#039;3.12.0&#039;, revision: &#039;7c6e0b3&#039;, time: &#039;2018-05-08T14:04:26.12Z&#039;
System info: host: &#039;FOCUS-QA-10&#039;, ip: &#039;192.168.5.49&#039;, os.name: &#039;Windows 10&#039;, os.arch: &#039;amd64&#039;, os.version: &#039;10.0&#039;, java.version: &#039;1.8.0_111&#039;
Driver info: org.openqa.selenium.chrome.ChromeDriver
Capabilities {acceptInsecureCerts: false, browserName: chrome, browserVersion: 99.0.4844.84, chrome: {chromedriverVersion: 98.0.4758.48 (d869ab3eda606..., userDataDir: C:\Users\Rakesh\AppData\Loc...}, goog:chromeOptions: {debuggerAddress: localhost:62613}, javascriptEnabled: true, networkConnectionEnabled: false, pageLoadStrategy: normal, platform: WINDOWS, platformName: WINDOWS, proxy: Proxy(), setWindowRect: true, strictFileInteractability: false, timeouts: {implicit: 0, pageLoad: 300000, script: 30000}, unhandledPromptBehavior: dismiss and notify, webauthn:extension:credBlob: true, webauthn:extension:largeBlob: true, webauthn:virtualAuthenticators: true}
Session ID: 2c1eb3a3a7ea8ce6089d38cd6b85c9bd">
      <![CDATA[org.openqa.selenium.ElementClickInterceptedException: element click intercepted: Element <a href="#" id="1025" data-bind="0" class="theme_menu_color" onclick="LAYOUT.expandCollapse(this, event)">...</a> is not clickable at point (267, 13). Other element would receive the click: <nav class="navbar navbar-static-top" role="navigation">...</nav>
  (Session info: chrome=99.0.4844.84)
Build info: version: '3.12.0', revision: '7c6e0b3', time: '2018-05-08T14:04:26.12Z'
System info: host: 'FOCUS-QA-10', ip: '192.168.5.49', os.name: 'Windows 10', os.arch: 'amd64', os.version: '10.0', java.version: '1.8.0_111'
Driver info: org.openqa.selenium.chrome.ChromeDriver
Capabilities {acceptInsecureCerts: false, browserName: chrome, browserVersion: 99.0.4844.84, chrome: {chromedriverVersion: 98.0.4758.48 (d869ab3eda606..., userDataDir: C:\Users\Rakesh\AppData\Loc...}, goog:chromeOptions: {debuggerAddress: localhost:62613}, javascriptEnabled: true, networkConnectionEnabled: false, pageLoadStrategy: normal, platform: WINDOWS, platformName: WINDOWS, proxy: Proxy(), setWindowRect: true, strictFileInteractability: false, timeouts: {implicit: 0, pageLoad: 300000, script: 30000}, unhandledPromptBehavior: dismiss and notify, webauthn:extension:credBlob: true, webauthn:extension:largeBlob: true, webauthn:virtualAuthenticators: true}
Session ID: 2c1eb3a3a7ea8ce6089d38cd6b85c9bd
	at sun.reflect.NativeConstructorAccessorImpl.newInstance0(Native Method)
	at sun.reflect.NativeConstructorAccessorImpl.newInstance(Unknown Source)
	at sun.reflect.DelegatingConstructorAccessorImpl.newInstance(Unknown Source)
	at java.lang.reflect.Constructor.newInstance(Unknown Source)
	at org.openqa.selenium.remote.http.W3CHttpResponseCodec.createException(W3CHttpResponseCodec.java:187)
	at org.openqa.selenium.remote.http.W3CHttpResponseCodec.decode(W3CHttpResponseCodec.java:122)
	at org.openqa.selenium.remote.http.W3CHttpResponseCodec.decode(W3CHttpResponseCodec.java:49)
	at org.openqa.selenium.remote.HttpCommandExecutor.execute(HttpCommandExecutor.java:158)
	at org.openqa.selenium.remote.service.DriverCommandExecutor.execute(DriverCommandExecutor.java:83)
	at org.openqa.selenium.remote.RemoteWebDriver.execute(RemoteWebDriver.java:543)
	at org.openqa.selenium.remote.RemoteWebElement.execute(RemoteWebElement.java:276)
	at org.openqa.selenium.remote.RemoteWebElement.click(RemoteWebElement.java:83)
	at sun.reflect.GeneratedMethodAccessor4.invoke(Unknown Source)
	at sun.reflect.DelegatingMethodAccessorImpl.invoke(Unknown Source)
	at java.lang.reflect.Method.invoke(Unknown Source)
	at org.openqa.selenium.support.pagefactory.internal.LocatingElementHandler.invoke(LocatingElementHandler.java:51)
	at com.sun.proxy.$Proxy16.click(Unknown Source)
	at com.focus.Pages.MenusandSubMenusPage.checkSubMenusUnderPointOfSaleTableManagementMenuList(MenusandSubMenusPage.java:1344)
	at com.focus.testcases.MenusandSubMenusTest.checkSubMenusUnderPointOfSaleTableManagementMenuList(MenusandSubMenusTest.java:185)
	at sun.reflect.NativeMethodAccessorImpl.invoke0(Native Method)
	at sun.reflect.NativeMethodAccessorImpl.invoke(Unknown Source)
	at sun.reflect.DelegatingMethodAccessorImpl.invoke(Unknown Source)
	at java.lang.reflect.Method.invoke(Unknown Source)
	at org.testng.internal.MethodInvocationHelper.invokeMethod(MethodInvocationHelper.java:86)
	at org.testng.internal.Invoker.invokeMethod(Invoker.java:643)
	at org.testng.internal.Invoker.invokeTestMethod(Invoker.java:820)
	at org.testng.internal.Invoker.invokeTestMethods(Invoker.java:1128)
	at org.testng.internal.TestMethodWorker.invokeTestMethods(TestMethodWorker.java:129)
	at org.testng.internal.TestMethodWorker.run(TestMethodWorker.java:112)
	at org.testng.TestRunner.privateRun(TestRunner.java:782)
	at org.testng.TestRunner.run(TestRunner.java:632)
	at org.testng.SuiteRunner.runTest(SuiteRunner.java:366)
	at org.testng.SuiteRunner.runSequentially(SuiteRunner.java:361)
	at org.testng.SuiteRunner.privateRun(SuiteRunner.java:319)
	at org.testng.SuiteRunner.run(SuiteRunner.java:268)
	at org.testng.SuiteRunnerWorker.runSuite(SuiteRunnerWorker.java:52)
	at org.testng.SuiteRunnerWorker.run(SuiteRunnerWorker.java:86)
	at org.testng.TestNG.runSuitesSequentially(TestNG.java:1244)
	at org.testng.TestNG.runSuitesLocally(TestNG.java:1169)
	at org.testng.TestNG.run(TestNG.java:1064)
	at org.testng.remote.AbstractRemoteTestNG.run(AbstractRemoteTestNG.java:114)
	at org.testng.remote.RemoteTestNG.initAndRun(RemoteTestNG.java:251)
	at org.testng.remote.RemoteTestNG.main(RemoteTestNG.java:77)
]]>
    </error>
  </testcase> <!-- checkSubMenusUnderPointOfSaleTableManagementMenuList -->
  <testcase name="checkSubMenusUnderPoitnOfSalePOSReportsPreorderPaymentReportsMenuList" time="2.181" classname="com.focus.testcases.MenusandSubMenusTest"/>
  <testcase name="checkSubMenusUnderFinancialRegisterReportsMenuList" time="2.322" classname="com.focus.testcases.MenusandSubMenusTest"/>
  <testcase name="checkSubMenusUnderFinancialOnlinePaymentsMenuList" time="2.220" classname="com.focus.testcases.MenusandSubMenusTest"/>
  <testcase name="checkSubMenusUnderDataManagementMenuList" time="6.583" classname="com.focus.testcases.MenusandSubMenusTest"/>
  <testcase name="checkSubMenusUnderFinancialReceivableAndPayableAnalysisMenuList" time="2.253" classname="com.focus.testcases.MenusandSubMenusTest"/>
  <testcase name="checkSubMenusUnderCurrencyMasterMenuList" time="2.167" classname="com.focus.testcases.MenusandSubMenusTest"/>
  <testcase name="checkSubMenusUnderQualityControlReportsMenuList" time="2.199" classname="com.focus.testcases.MenusandSubMenusTest"/>
  <testcase name="checkSubMenusUnderQualityControlMenuList" time="2.159" classname="com.focus.testcases.MenusandSubMenusTest"/>
  <testcase name="checkSubMenusUnderQCMasterMenuList" time="2.149" classname="com.focus.testcases.MenusandSubMenusTest"/>
  <testcase name="checkSubMenusUnderUtilitiesMenuList" time="4.873" classname="com.focus.testcases.MenusandSubMenusTest"/>
  <testcase name="checkSubMenusUnderFinancialMenuList" time="3.688" classname="com.focus.testcases.MenusandSubMenusTest"/>
  <testcase name="checkSubMenusUnderPoitnOfSaleMenuList" time="2.235" classname="com.focus.testcases.MenusandSubMenusTest"/>
  <testcase name="checkSubMenusUnderSettingsMenuList" time="2.503" classname="com.focus.testcases.MenusandSubMenusTest"/>
  <testcase name="checkSubMenusUnderPoitnOfSaleMenuTableManagementMenuList" time="2.221" classname="com.focus.testcases.MenusandSubMenusTest"/>
  <testcase name="checkSubMenusUnderFinancialReceivableAndPayableAnalysisCustomerDetailMenuList" time="2.236" classname="com.focus.testcases.MenusandSubMenusTest"/>
  <testcase name="checkSubMenusUnderFinancialCreditManagementMenuList" time="2.243" classname="com.focus.testcases.MenusandSubMenusTest"/>
  <testcase name="checkSubMenusUnderFinancialSalesReportsMenuList" time="2.216" classname="com.focus.testcases.MenusandSubMenusTest"/>
  <testcase name="checkSubMenusUnderPointOfSaleMasterMenuList" time="2.438" classname="com.focus.testcases.MenusandSubMenusTest"/>
  <testcase name="checkSubMenusUnderNewCompanyMenuList" time="1.146" classname="com.focus.testcases.MenusandSubMenusTest"/>
  <testcase name="checkSubMenusUnderFinancialTransactionsJournalsMenuList" time="2.339" classname="com.focus.testcases.MenusandSubMenusTest"/>
  <testcase name="checkSubMenusUnderFinancialAuditTrailReportsMenuList" time="2.145" classname="com.focus.testcases.MenusandSubMenusTest"/>
  <testcase name="checkSubMenusUnderInventoryTransactionsSalesMenuList" time="2.207" classname="com.focus.testcases.MenusandSubMenusTest"/>
  <testcase name="checkLogin" time="11.198" classname="com.focus.testcases.MenusandSubMenusTest"/>
  <testcase name="checkSubMenusUnderCompanyMenuList" time="4.347" classname="com.focus.testcases.MenusandSubMenusTest"/>
  <testcase name="checkSubMenusUnderProductionMRPSettingsMenuList" time="2.121" classname="com.focus.testcases.MenusandSubMenusTest"/>
  <testcase name="checkSubMenusUnderMaintainanceMasterMenuList" time="2.137" classname="com.focus.testcases.MenusandSubMenusTest"/>
  <testcase name="checkSubMenusUnderFinancialBudgetReviseBudgetMenuList" time="2.163" classname="com.focus.testcases.MenusandSubMenusTest"/>
  <testcase name="checkSubMenusUnderSecurityMenuList" time="3.574" classname="com.focus.testcases.MenusandSubMenusTest"/>
  <testcase name="checkSubMenusUnderFinancialTransactionsMenuList" time="2.243" classname="com.focus.testcases.MenusandSubMenusTest"/>
  <testcase name="checkHomeMenuSubMenusList" time="2.305" classname="com.focus.testcases.MenusandSubMenusTest"/>
  <testcase name="checkSubMenusUnderFinancialFinalAccountsMenuList" time="2.429" classname="com.focus.testcases.MenusandSubMenusTest"/>
  <testcase name="checkSubMenusUnderPoitnOfSalePOSReportsRestaurantReportsMenuList" time="2.195" classname="com.focus.testcases.MenusandSubMenusTest"/>
  <testcase name="checkSubMenusUnderFinancialMiscellaneousAnalysisReportsMenuList" time="2.219" classname="com.focus.testcases.MenusandSubMenusTest"/>
  <testcase name="checkSubMenusUnderFinancialPurchaseReportsMenuList" time="2.175" classname="com.focus.testcases.MenusandSubMenusTest"/>
  <testcase name="checkSubMenusUnderInventoryReportsMenuList" time="2.717" classname="com.focus.testcases.MenusandSubMenusTest"/>
  <testcase name="checkSubMenusUnderInventoryStockAgeingAnalysisReportsMenuList" time="2.234" classname="com.focus.testcases.MenusandSubMenusTest"/>
  <testcase name="checkSubMenusUnderPoitnOfSalePOSReportsItemReportsMenuList" time="2.239" classname="com.focus.testcases.MenusandSubMenusTest"/>
  <testcase name="checkSubMenusUnderPoitnOfSalePOSReportsMenuList" time="2.414" classname="com.focus.testcases.MenusandSubMenusTest"/>
  <testcase name="checkSubMenusUnderPoitnOfSalePOSReportsMemberPointsReportsMenuList" time="2.194" classname="com.focus.testcases.MenusandSubMenusTest"/>
  <testcase name="checkSubMenusUnderSchemesMasterMenuList" time="6.212" classname="com.focus.testcases.MenusandSubMenusTest"/>
  <testcase name="checkSubMenusUnderFinancialTransactionsAutoPostingsMenuList" time="2.258" classname="com.focus.testcases.MenusandSubMenusTest"/>
  <testcase name="checkSubMenusUnderPoitnOfSalePOSReportsPeriodicSalesReportsMenuList" time="2.184" classname="com.focus.testcases.MenusandSubMenusTest"/>
  <testcase name="checkSubMenusUnderInterCompanyTransactionsMenuList" time="1.210" classname="com.focus.testcases.MenusandSubMenusTest"/>
  <testcase name="checkSubMenusUnderInventoryOrderManagementMenuList" time="2.284" classname="com.focus.testcases.MenusandSubMenusTest"/>
  <testcase name="checkSubMenusUnderPointOfSaleMemberMenuList" time="2.237" classname="com.focus.testcases.MenusandSubMenusTest"/>
  <testcase name="checkSubMenusUnderInventoryTransactionsStocksMenuList" time="2.218" classname="com.focus.testcases.MenusandSubMenusTest"/>
  <testcase name="checkSubMenusUnderFinancialTransactionsCashAndBankMenuList" time="2.284" classname="com.focus.testcases.MenusandSubMenusTest"/>
  <testcase name="checkSubMenusUnderFinancialReportsCashAndBankBooksMenuList" time="2.318" classname="com.focus.testcases.MenusandSubMenusTest"/>
  <testcase name="checkSubMenusUnderFinancialReceivableAndPayableAnalysisVendorSummaryMenuList" time="2.186" classname="com.focus.testcases.MenusandSubMenusTest"/>
  <testcase name="checkSubMenusUnderFinancialReportsMenuList" time="2.444" classname="com.focus.testcases.MenusandSubMenusTest"/>
  <testcase name="checkSubMenusUnderQualityControlTransactionsMenuList" time="2.297" classname="com.focus.testcases.MenusandSubMenusTest"/>
  <testcase name="checkSubMenusUnderProductionTransactionsMenuList" time="2.372" classname="com.focus.testcases.MenusandSubMenusTest"/>
  <testcase name="checkSubMenusUnderFinancialBudgetMenuList" time="2.295" classname="com.focus.testcases.MenusandSubMenusTest"/>
  <testcase name="checkSubMenusUnderInventoryOrderManagementAnalysisOfLinkedAndUnLinkedDocumentsMenuList" time="2.235" classname="com.focus.testcases.MenusandSubMenusTest"/>
  <testcase name="checkSubMenusUnderPoitnOfSalePOSReportsPreorderReportsMenuList" time="2.213" classname="com.focus.testcases.MenusandSubMenusTest"/>
  <testcase name="checkSubMenusUnderPoitnOfSaleMainScreenMenuList" time="2.189" classname="com.focus.testcases.MenusandSubMenusTest"/>
  <testcase name="checkSubMenusUnderMasterMenuList" time="3.722" classname="com.focus.testcases.MenusandSubMenusTest"/>
  <testcase name="checkSubMenusUnderInventoryBinReportsMenuList" time="2.199" classname="com.focus.testcases.MenusandSubMenusTest"/>
  <testcase name="checkSubMenusUnderPoitnOfSalePOSReportsRetailSalesReportsMenuList" time="2.213" classname="com.focus.testcases.MenusandSubMenusTest"/>
  <testcase name="checkSubMenusUnderPoitnOfSaleUtilitiesMenuList" time="2.370" classname="com.focus.testcases.MenusandSubMenusTest"/>
  <testcase name="checkSubMenusUnderPointOfSaleDiscountVoucherMenuList" time="2.158" classname="com.focus.testcases.MenusandSubMenusTest"/>
  <testcase name="checkSubMenusUnderProductionMenuList" time="2.180" classname="com.focus.testcases.MenusandSubMenusTest"/>
  <testcase name="checkSubMenusUnderFinancialBudgetReportMenuList" time="2.196" classname="com.focus.testcases.MenusandSubMenusTest"/>
  <testcase name="checkSubMenusUnderPoitnOfSaleUtilitiesBBQConversionMenuList" time="2.152" classname="com.focus.testcases.MenusandSubMenusTest"/>
  <testcase name="checkSubMenusUnderInventoryTransactionsMenuList" time="2.246" classname="com.focus.testcases.MenusandSubMenusTest"/>
  <testcase name="checkSubMenusUnderItemMasterMenuList" time="4.252" classname="com.focus.testcases.MenusandSubMenusTest"/>
  <testcase name="checkSubMenusUnderFixedAssetMenuList" time="2.166" classname="com.focus.testcases.MenusandSubMenusTest"/>
  <testcase name="checkSubMenusUnderMRPMasterMenuList" time="2.295" classname="com.focus.testcases.MenusandSubMenusTest"/>
  <testcase name="checkSubMenusUnderFinancialReceivableAndPayableAnalysisCustomerSummaryMenuList" time="2.196" classname="com.focus.testcases.MenusandSubMenusTest"/>
</testsuite> <!-- com.focus.testcases.MenusandSubMenusTest -->
