<?xml version="1.0" encoding="UTF-8"?>
<!-- Generated by org.testng.reporters.JUnitReportReporter -->
<testsuite hostname="FOCUS-QA-10" name="com.focus.testcases.OpeningStocksTest" tests="27" failures="1" timestamp="8 May 2022 09:16:14 GMT" time="303.023" errors="0">
  <testcase name="checkDeleteOptionInOpeningStocksHomePage" time="5.873" classname="com.focus.testcases.OpeningStocksTest"/>
  <testcase name="checkVerifingDetailsOfSuspendedOpeningStocksVouchersInCreatedView" time="2.782" classname="com.focus.testcases.OpeningStocksTest"/>
  <testcase name="checkVerifingDataOfSavedOpeningStocksVoucher3" time="1.603" classname="com.focus.testcases.OpeningStocksTest"/>
  <testcase name="checkOpeningStockVoucher3Row1WithBinItemWithAutoAllocationOption" time="9.206" classname="com.focus.testcases.OpeningStocksTest"/>
  <testcase name="checkVerifingDataOfSavedOpeningStocksVoucher3AndDeleting" time="1.755" classname="com.focus.testcases.OpeningStocksTest"/>
  <testcase name="checkEditingAndVerifingDataOfSavedOpeningStocksVoucher3AddingRow3WithBinItemByAutoAllocation" time="16.553" classname="com.focus.testcases.OpeningStocksTest"/>
  <testcase name="checkSavingOpeningStockVoucher3With2RowsAndBinItemDoubleClickInIndex" time="17.797" classname="com.focus.testcases.OpeningStocksTest"/>
  <testcase name="checkSavingOpeningStockVoucher1WithBatchItem" time="32.151" classname="com.focus.testcases.OpeningStocksTest">
    <failure type="java.lang.AssertionError" message="expected [true] but found [false]">
      <![CDATA[java.lang.AssertionError: expected [true] but found [false]
	at org.testng.Assert.fail(Assert.java:94)
	at org.testng.Assert.failNotEquals(Assert.java:513)
	at org.testng.Assert.assertEqualsImpl(Assert.java:135)
	at org.testng.Assert.assertEquals(Assert.java:116)
	at org.testng.Assert.assertEquals(Assert.java:305)
	at org.testng.Assert.assertEquals(Assert.java:315)
	at com.focus.testcases.OpeningStocksTest.checkSavingOpeningStockVoucher1WithBatchItem(OpeningStocksTest.java:34)
	at sun.reflect.NativeMethodAccessorImpl.invoke0(Native Method)
	at sun.reflect.NativeMethodAccessorImpl.invoke(Unknown Source)
	at sun.reflect.DelegatingMethodAccessorImpl.invoke(Unknown Source)
	at java.lang.reflect.Method.invoke(Unknown Source)
	at org.testng.internal.MethodInvocationHelper.invokeMethod(MethodInvocationHelper.java:86)
	at org.testng.internal.Invoker.invokeMethod(Invoker.java:643)
	at org.testng.internal.Invoker.invokeTestMethod(Invoker.java:820)
	at org.testng.internal.Invoker.invokeTestMethods(Invoker.java:1128)
	at org.testng.internal.TestMethodWorker.invokeTestMethods(TestMethodWorker.java:129)
	at org.testng.internal.TestMethodWorker.run(TestMethodWorker.java:112)
	at org.testng.TestRunner.privateRun(TestRunner.java:782)
	at org.testng.TestRunner.run(TestRunner.java:632)
	at org.testng.SuiteRunner.runTest(SuiteRunner.java:366)
	at org.testng.SuiteRunner.runSequentially(SuiteRunner.java:361)
	at org.testng.SuiteRunner.privateRun(SuiteRunner.java:319)
	at org.testng.SuiteRunner.run(SuiteRunner.java:268)
	at org.testng.SuiteRunnerWorker.runSuite(SuiteRunnerWorker.java:52)
	at org.testng.SuiteRunnerWorker.run(SuiteRunnerWorker.java:86)
	at org.testng.TestNG.runSuitesSequentially(TestNG.java:1244)
	at org.testng.TestNG.runSuitesLocally(TestNG.java:1169)
	at org.testng.TestNG.run(TestNG.java:1064)
	at org.testng.remote.AbstractRemoteTestNG.run(AbstractRemoteTestNG.java:114)
	at org.testng.remote.RemoteTestNG.initAndRun(RemoteTestNG.java:251)
	at org.testng.remote.RemoteTestNG.main(RemoteTestNG.java:77)
]]>
    </failure>
  </testcase> <!-- checkSavingOpeningStockVoucher1WithBatchItem -->
  <testcase name="checkVerifingDataOfSavedOpeningStocksVoucher5AndDeleting" time="2.913" classname="com.focus.testcases.OpeningStocksTest"/>
  <testcase name="checkResavingOpeningStockVoucher5AndSuspendingFromHomepage" time="93.685" classname="com.focus.testcases.OpeningStocksTest"/>
  <testcase name="checkVerifingDataOfSavedOpeningStocksVoucher4AndDeleting" time="2.254" classname="com.focus.testcases.OpeningStocksTest"/>
  <testcase name="checkEditingAndVerifingDataOfSavedOpeningStocksVoucher2" time="2.057" classname="com.focus.testcases.OpeningStocksTest"/>
  <testcase name="checkSavingAndSuspendingOpeningStockVoucher5WithStockItem" time="11.384" classname="com.focus.testcases.OpeningStocksTest"/>
  <testcase name="checkSavingOpeningStockVoucher4WithBinItemByManuallyEnteringQuantity" time="13.862" classname="com.focus.testcases.OpeningStocksTest"/>
  <testcase name="checkEditingAndVerifingDataOfSavedOpeningStocksVoucher4" time="1.432" classname="com.focus.testcases.OpeningStocksTest"/>
  <testcase name="checkSavingOpeningStockVoucher2WithStockItem" time="4.251" classname="com.focus.testcases.OpeningStocksTest"/>
  <testcase name="checkEditingAndVerifingDataOfSavedOpeningStocksVoucher4AddingRow2WithRMAItem" time="17.165" classname="com.focus.testcases.OpeningStocksTest"/>
  <testcase name="checkEditingAndVerifingDataOfSavedOpeningStocksVoucher1" time="1.598" classname="com.focus.testcases.OpeningStocksTest"/>
  <testcase name="checkSaveInCreateViewOfHomePageOfOpeningBalance" time="8.056" classname="com.focus.testcases.OpeningStocksTest"/>
  <testcase name="checkVerifingDataOfSavedOpeningStocksVoucher2AndDeleting" time="3.846" classname="com.focus.testcases.OpeningStocksTest"/>
  <testcase name="checkSavingOpeningStockVoucher5WithRMAItem" time="13.602" classname="com.focus.testcases.OpeningStocksTest"/>
  <testcase name="checkEditingAndVerifingDataOfSavedOpeningStocksVoucher2AddingRow2WithStockItem" time="5.065" classname="com.focus.testcases.OpeningStocksTest"/>
  <testcase name="checkSavingOpeningStockVoucher4WithRMAItem" time="13.706" classname="com.focus.testcases.OpeningStocksTest"/>
  <testcase name="checkSavingOpeningStockVoucher3WithStockItem" time="4.302" classname="com.focus.testcases.OpeningStocksTest"/>
  <testcase name="checkSavingOpeningStockVoucher2WithBatchItem" time="5.509" classname="com.focus.testcases.OpeningStocksTest"/>
  <testcase name="checkVerifingDetailsOfSavedOpeningStocksVouchersInHomepage" time="1.838" classname="com.focus.testcases.OpeningStocksTest"/>
  <testcase name="checkEditingAndVerifingDataOfSavedOpeningStocksVoucher1AddingRow2WithBatchItem" time="8.778" classname="com.focus.testcases.OpeningStocksTest"/>
</testsuite> <!-- com.focus.testcases.OpeningStocksTest -->
